{"/home/lemys/projects/personal/kamansoft/vite-plugin-flatwave-react/packages/vite-plugin-flatwave-react/src/index.ts": {"path":"/home/lemys/projects/personal/kamansoft/vite-plugin-flatwave-react/packages/vite-plugin-flatwave-react/src/index.ts","statementMap":{"0":{"start":{"line":11,"column":19},"end":{"line":11,"column":null}},"1":{"start":{"line":12,"column":26},"end":{"line":12,"column":null}},"2":{"start":{"line":15,"column":28},"end":{"line":15,"column":null}},"3":{"start":{"line":16,"column":36},"end":{"line":16,"column":null}},"4":{"start":{"line":18,"column":32},"end":{"line":40,"column":null}},"5":{"start":{"line":22,"column":6},"end":{"line":22,"column":null}},"6":{"start":{"line":23,"column":25},"end":{"line":23,"column":null}},"7":{"start":{"line":25,"column":6},"end":{"line":25,"column":null}},"8":{"start":{"line":25,"column":49},"end":{"line":25,"column":null}},"9":{"start":{"line":26,"column":6},"end":{"line":26,"column":null}},"10":{"start":{"line":26,"column":45},"end":{"line":26,"column":null}},"11":{"start":{"line":29,"column":6},"end":{"line":29,"column":null}},"12":{"start":{"line":29,"column":36},"end":{"line":29,"column":null}},"13":{"start":{"line":30,"column":6},"end":{"line":30,"column":null}},"14":{"start":{"line":33,"column":6},"end":{"line":33,"column":null}},"15":{"start":{"line":33,"column":29},"end":{"line":33,"column":null}},"16":{"start":{"line":34,"column":6},"end":{"line":34,"column":null}},"17":{"start":{"line":37,"column":6},"end":{"line":37,"column":null}},"18":{"start":{"line":37,"column":37},"end":{"line":37,"column":null}},"19":{"start":{"line":38,"column":6},"end":{"line":38,"column":null}},"20":{"start":{"line":42,"column":33},"end":{"line":72,"column":null}},"21":{"start":{"line":46,"column":6},"end":{"line":49,"column":null}},"22":{"start":{"line":47,"column":25},"end":{"line":47,"column":null}},"23":{"start":{"line":48,"column":8},"end":{"line":48,"column":null}},"24":{"start":{"line":50,"column":6},"end":{"line":50,"column":null}},"25":{"start":{"line":53,"column":6},"end":{"line":53,"column":null}},"26":{"start":{"line":53,"column":31},"end":{"line":53,"column":null}},"27":{"start":{"line":54,"column":21},"end":{"line":54,"column":null}},"28":{"start":{"line":55,"column":12},"end":{"line":55,"column":null}},"29":{"start":{"line":56,"column":21},"end":{"line":56,"column":null}},"30":{"start":{"line":57,"column":19},"end":{"line":57,"column":null}},"31":{"start":{"line":58,"column":12},"end":{"line":58,"column":null}},"32":{"start":{"line":59,"column":22},"end":{"line":59,"column":null}},"33":{"start":{"line":61,"column":6},"end":{"line":70,"column":null}},"34":{"start":{"line":74,"column":28},"end":{"line":115,"column":null}},"35":{"start":{"line":77,"column":21},"end":{"line":77,"column":null}},"36":{"start":{"line":78,"column":19},"end":{"line":78,"column":null}},"37":{"start":{"line":79,"column":21},"end":{"line":79,"column":null}},"38":{"start":{"line":81,"column":6},"end":{"line":87,"column":null}},"39":{"start":{"line":82,"column":8},"end":{"line":86,"column":null}},"40":{"start":{"line":89,"column":6},"end":{"line":95,"column":null}},"41":{"start":{"line":90,"column":8},"end":{"line":94,"column":null}},"42":{"start":{"line":97,"column":6},"end":{"line":103,"column":null}},"43":{"start":{"line":98,"column":8},"end":{"line":102,"column":null}},"44":{"start":{"line":105,"column":6},"end":{"line":113,"column":null}},"45":{"start":{"line":106,"column":8},"end":{"line":112,"column":null}},"46":{"start":{"line":107,"column":10},"end":{"line":111,"column":null}},"47":{"start":{"line":117,"column":26},"end":{"line":117,"column":null}},"48":{"start":{"line":119,"column":2},"end":{"line":119,"column":null}},"49":{"start":{"line":123,"column":2},"end":{"line":125,"column":null}},"50":{"start":{"line":124,"column":4},"end":{"line":124,"column":null}},"51":{"start":{"line":127,"column":2},"end":{"line":138,"column":null}},"52":{"start":{"line":142,"column":18},"end":{"line":142,"column":null}},"53":{"start":{"line":143,"column":17},"end":{"line":143,"column":null}},"54":{"start":{"line":144,"column":2},"end":{"line":182,"column":null}},"55":{"start":{"line":187,"column":13},"end":{"line":187,"column":null}},"56":{"start":{"line":188,"column":2},"end":{"line":188,"column":null}},"57":{"start":{"line":192,"column":19},"end":{"line":192,"column":null}},"58":{"start":{"line":193,"column":23},"end":{"line":193,"column":null}},"59":{"start":{"line":194,"column":2},"end":{"line":194,"column":null}},"60":{"start":{"line":198,"column":2},"end":{"line":202,"column":null}},"61":{"start":{"line":199,"column":4},"end":{"line":201,"column":null}},"62":{"start":{"line":200,"column":6},"end":{"line":200,"column":null}},"63":{"start":{"line":203,"column":2},"end":{"line":203,"column":null}},"64":{"start":{"line":207,"column":2},"end":{"line":207,"column":null}},"65":{"start":{"line":207,"column":13},"end":{"line":207,"column":null}},"66":{"start":{"line":208,"column":18},"end":{"line":208,"column":null}},"67":{"start":{"line":208,"column":92},"end":{"line":208,"column":100}},"68":{"start":{"line":209,"column":17},"end":{"line":209,"column":null}},"69":{"start":{"line":209,"column":112},"end":{"line":209,"column":120}},"70":{"start":{"line":210,"column":2},"end":{"line":210,"column":null}},"71":{"start":{"line":214,"column":15},"end":{"line":214,"column":null}},"72":{"start":{"line":215,"column":15},"end":{"line":220,"column":null}},"73":{"start":{"line":217,"column":18},"end":{"line":217,"column":null}},"74":{"start":{"line":218,"column":6},"end":{"line":218,"column":null}},"75":{"start":{"line":222,"column":2},"end":{"line":223,"column":null}},"76":{"start":{"line":228,"column":15},"end":{"line":228,"column":null}},"77":{"start":{"line":229,"column":2},"end":{"line":232,"column":null}},"78":{"start":{"line":237,"column":18},"end":{"line":237,"column":null}},"79":{"start":{"line":237,"column":46},"end":{"line":237,"column":116}},"80":{"start":{"line":238,"column":17},"end":{"line":238,"column":null}},"81":{"start":{"line":238,"column":45},"end":{"line":238,"column":97}},"82":{"start":{"line":239,"column":8},"end":{"line":239,"column":null}},"83":{"start":{"line":240,"column":22},"end":{"line":240,"column":null}},"84":{"start":{"line":242,"column":2},"end":{"line":255,"column":null}}},"fnMap":{"0":{"name":"flatwaveContent","decl":{"start":{"line":14,"column":22},"end":{"line":14,"column":38}},"loc":{"start":{"line":14,"column":90},"end":{"line":120,"column":null}},"line":14},"1":{"name":"buildStart","decl":{"start":{"line":21,"column":10},"end":{"line":21,"column":23}},"loc":{"start":{"line":21,"column":23},"end":{"line":27,"column":null}},"line":21},"2":{"name":"resolveId","decl":{"start":{"line":28,"column":4},"end":{"line":28,"column":14}},"loc":{"start":{"line":28,"column":18},"end":{"line":31,"column":null}},"line":28},"3":{"name":"load","decl":{"start":{"line":32,"column":4},"end":{"line":32,"column":9}},"loc":{"start":{"line":32,"column":13},"end":{"line":35,"column":null}},"line":32},"4":{"name":"handleHotUpdate","decl":{"start":{"line":36,"column":10},"end":{"line":36,"column":26}},"loc":{"start":{"line":36,"column":31},"end":{"line":39,"column":null}},"line":36},"5":{"name":"resolveId_2","decl":{"start":{"line":45,"column":4},"end":{"line":45,"column":14}},"loc":{"start":{"line":45,"column":18},"end":{"line":51,"column":null}},"line":45},"6":{"name":"load_2","decl":{"start":{"line":52,"column":10},"end":{"line":52,"column":15}},"loc":{"start":{"line":52,"column":19},"end":{"line":71,"column":null}},"line":52},"7":{"name":"generateBundle","decl":{"start":{"line":76,"column":10},"end":{"line":76,"column":25}},"loc":{"start":{"line":76,"column":36},"end":{"line":114,"column":null}},"line":76},"8":{"name":"normalizeOptions","decl":{"start":{"line":122,"column":9},"end":{"line":122,"column":26}},"loc":{"start":{"line":122,"column":78},"end":{"line":139,"column":null}},"line":122},"9":{"name":"createVirtualModule","decl":{"start":{"line":141,"column":9},"end":{"line":141,"column":29}},"loc":{"start":{"line":141,"column":89},"end":{"line":184,"column":null}},"line":141},"10":{"name":"readFile","decl":{"start":{"line":186,"column":15},"end":{"line":186,"column":24}},"loc":{"start":{"line":186,"column":55},"end":{"line":189,"column":null}},"line":186},"11":{"name":"inferLocale","decl":{"start":{"line":191,"column":9},"end":{"line":191,"column":21}},"loc":{"start":{"line":191,"column":94},"end":{"line":195,"column":null}},"line":191},"12":{"name":"findIndexHtml","decl":{"start":{"line":197,"column":9},"end":{"line":197,"column":23}},"loc":{"start":{"line":197,"column":76},"end":{"line":204,"column":null}},"line":197},"13":{"name":"extractAssets","decl":{"start":{"line":206,"column":9},"end":{"line":206,"column":23}},"loc":{"start":{"line":206,"column":90},"end":{"line":211,"column":null}},"line":206},"14":{"name":"(anonymous_14)","decl":{"start":{"line":208,"column":81},"end":{"line":208,"column":82}},"loc":{"start":{"line":208,"column":92},"end":{"line":208,"column":100}},"line":208},"15":{"name":"(anonymous_15)","decl":{"start":{"line":209,"column":101},"end":{"line":209,"column":102}},"loc":{"start":{"line":209,"column":112},"end":{"line":209,"column":120}},"line":209},"16":{"name":"renderSitemap","decl":{"start":{"line":213,"column":9},"end":{"line":213,"column":23}},"loc":{"start":{"line":213,"column":74},"end":{"line":225,"column":null}},"line":213},"17":{"name":"(anonymous_17)","decl":{"start":{"line":216,"column":9},"end":{"line":216,"column":10}},"loc":{"start":{"line":216,"column":20},"end":{"line":219,"column":5}},"line":216},"18":{"name":"renderRobotsTxt","decl":{"start":{"line":227,"column":9},"end":{"line":227,"column":25}},"loc":{"start":{"line":227,"column":51},"end":{"line":234,"column":null}},"line":227},"19":{"name":"renderRouteHtml","decl":{"start":{"line":236,"column":9},"end":{"line":236,"column":25}},"loc":{"start":{"line":236,"column":104},"end":{"line":259,"column":null}},"line":236},"20":{"name":"(anonymous_20)","decl":{"start":{"line":237,"column":37},"end":{"line":237,"column":38}},"loc":{"start":{"line":237,"column":46},"end":{"line":237,"column":116}},"line":237},"21":{"name":"(anonymous_21)","decl":{"start":{"line":238,"column":35},"end":{"line":238,"column":36}},"loc":{"start":{"line":238,"column":45},"end":{"line":238,"column":97}},"line":238}},"branchMap":{"0":{"loc":{"start":{"line":29,"column":6},"end":{"line":29,"column":null}},"type":"if","locations":[{"start":{"line":29,"column":6},"end":{"line":29,"column":null}},{"start":{},"end":{}}],"line":29},"1":{"loc":{"start":{"line":33,"column":6},"end":{"line":33,"column":null}},"type":"if","locations":[{"start":{"line":33,"column":6},"end":{"line":33,"column":null}},{"start":{},"end":{}}],"line":33},"2":{"loc":{"start":{"line":37,"column":6},"end":{"line":37,"column":null}},"type":"if","locations":[{"start":{"line":37,"column":6},"end":{"line":37,"column":null}},{"start":{},"end":{}}],"line":37},"3":{"loc":{"start":{"line":46,"column":6},"end":{"line":49,"column":null}},"type":"if","locations":[{"start":{"line":46,"column":6},"end":{"line":49,"column":null}},{"start":{},"end":{}}],"line":46},"4":{"loc":{"start":{"line":53,"column":6},"end":{"line":53,"column":null}},"type":"if","locations":[{"start":{"line":53,"column":6},"end":{"line":53,"column":null}},{"start":{},"end":{}}],"line":53},"5":{"loc":{"start":{"line":56,"column":21},"end":{"line":56,"column":null}},"type":"binary-expr","locations":[{"start":{"line":56,"column":21},"end":{"line":56,"column":97}},{"start":{"line":56,"column":97},"end":{"line":56,"column":null}}],"line":56},"6":{"loc":{"start":{"line":81,"column":6},"end":{"line":87,"column":null}},"type":"if","locations":[{"start":{"line":81,"column":6},"end":{"line":87,"column":null}},{"start":{},"end":{}}],"line":81},"7":{"loc":{"start":{"line":89,"column":6},"end":{"line":95,"column":null}},"type":"if","locations":[{"start":{"line":89,"column":6},"end":{"line":95,"column":null}},{"start":{},"end":{}}],"line":89},"8":{"loc":{"start":{"line":93,"column":40},"end":{"line":93,"column":102}},"type":"binary-expr","locations":[{"start":{"line":93,"column":40},"end":{"line":93,"column":79}},{"start":{"line":93,"column":79},"end":{"line":93,"column":102}}],"line":93},"9":{"loc":{"start":{"line":97,"column":6},"end":{"line":103,"column":null}},"type":"if","locations":[{"start":{"line":97,"column":6},"end":{"line":103,"column":null}},{"start":{},"end":{}}],"line":97},"10":{"loc":{"start":{"line":101,"column":34},"end":{"line":101,"column":96}},"type":"binary-expr","locations":[{"start":{"line":101,"column":34},"end":{"line":101,"column":73}},{"start":{"line":101,"column":73},"end":{"line":101,"column":96}}],"line":101},"11":{"loc":{"start":{"line":105,"column":6},"end":{"line":113,"column":null}},"type":"if","locations":[{"start":{"line":105,"column":6},"end":{"line":113,"column":null}},{"start":{},"end":{}}],"line":105},"12":{"loc":{"start":{"line":123,"column":2},"end":{"line":125,"column":null}},"type":"if","locations":[{"start":{"line":123,"column":2},"end":{"line":125,"column":null}},{"start":{},"end":{}}],"line":123},"13":{"loc":{"start":{"line":129,"column":20},"end":{"line":129,"column":null}},"type":"binary-expr","locations":[{"start":{"line":129,"column":20},"end":{"line":129,"column":46}},{"start":{"line":129,"column":46},"end":{"line":129,"column":null}}],"line":129},"14":{"loc":{"start":{"line":130,"column":24},"end":{"line":130,"column":null}},"type":"binary-expr","locations":[{"start":{"line":130,"column":24},"end":{"line":130,"column":54}},{"start":{"line":130,"column":54},"end":{"line":130,"column":null}}],"line":130},"15":{"loc":{"start":{"line":132,"column":23},"end":{"line":132,"column":null}},"type":"binary-expr","locations":[{"start":{"line":132,"column":23},"end":{"line":132,"column":52}},{"start":{"line":132,"column":52},"end":{"line":132,"column":null}}],"line":132},"16":{"loc":{"start":{"line":133,"column":17},"end":{"line":133,"column":null}},"type":"binary-expr","locations":[{"start":{"line":133,"column":17},"end":{"line":133,"column":40}},{"start":{"line":133,"column":40},"end":{"line":133,"column":null}}],"line":133},"17":{"loc":{"start":{"line":134,"column":19},"end":{"line":134,"column":null}},"type":"binary-expr","locations":[{"start":{"line":134,"column":19},"end":{"line":134,"column":44}},{"start":{"line":134,"column":44},"end":{"line":134,"column":null}}],"line":134},"18":{"loc":{"start":{"line":194,"column":9},"end":{"line":194,"column":null}},"type":"cond-expr","locations":[{"start":{"line":194,"column":42},"end":{"line":194,"column":57}},{"start":{"line":194,"column":57},"end":{"line":194,"column":null}}],"line":194},"19":{"loc":{"start":{"line":199,"column":4},"end":{"line":201,"column":null}},"type":"if","locations":[{"start":{"line":199,"column":4},"end":{"line":201,"column":null}},{"start":{},"end":{}}],"line":199},"20":{"loc":{"start":{"line":199,"column":8},"end":{"line":199,"column":118}},"type":"binary-expr","locations":[{"start":{"line":199,"column":8},"end":{"line":199,"column":16}},{"start":{"line":199,"column":16},"end":{"line":199,"column":44}},{"start":{"line":199,"column":44},"end":{"line":199,"column":66}},{"start":{"line":199,"column":66},"end":{"line":199,"column":100}},{"start":{"line":199,"column":100},"end":{"line":199,"column":118}}],"line":199},"21":{"loc":{"start":{"line":207,"column":2},"end":{"line":207,"column":null}},"type":"if","locations":[{"start":{"line":207,"column":2},"end":{"line":207,"column":null}},{"start":{},"end":{}}],"line":207},"22":{"loc":{"start":{"line":240,"column":22},"end":{"line":240,"column":null}},"type":"cond-expr","locations":[{"start":{"line":240,"column":37},"end":{"line":240,"column":92}},{"start":{"line":240,"column":92},"end":{"line":240,"column":null}}],"line":240},"23":{"loc":{"start":{"line":249,"column":43},"end":{"line":249,"column":81}},"type":"binary-expr","locations":[{"start":{"line":249,"column":43},"end":{"line":249,"column":71}},{"start":{"line":249,"column":71},"end":{"line":249,"column":81}}],"line":249}},"s":{"0":3,"1":3,"2":11,"3":11,"4":11,"5":4,"6":4,"7":4,"8":0,"9":4,"10":0,"11":68,"12":4,"13":64,"14":96,"15":92,"16":4,"17":0,"18":0,"19":0,"20":11,"21":64,"22":0,"23":0,"24":64,"25":92,"26":92,"27":0,"28":0,"29":0,"30":92,"31":92,"32":92,"33":92,"34":11,"35":4,"36":4,"37":4,"38":4,"39":4,"40":4,"41":4,"42":4,"43":4,"44":4,"45":1,"46":6,"47":11,"48":10,"49":11,"50":1,"51":10,"52":4,"53":4,"54":4,"55":0,"56":0,"57":0,"58":0,"59":0,"60":4,"61":8,"62":0,"63":4,"64":4,"65":4,"66":0,"67":0,"68":0,"69":0,"70":0,"71":4,"72":4,"73":24,"74":24,"75":4,"76":4,"77":4,"78":6,"79":0,"80":6,"81":0,"82":6,"83":6,"84":6},"f":{"0":11,"1":4,"2":68,"3":96,"4":0,"5":64,"6":92,"7":4,"8":11,"9":4,"10":0,"11":0,"12":4,"13":4,"14":0,"15":0,"16":4,"17":24,"18":4,"19":6,"20":0,"21":0},"b":{"0":[4,64],"1":[92,4],"2":[0,0],"3":[0,64],"4":[92,0],"5":[0,0],"6":[4,0],"7":[4,0],"8":[4,4],"9":[4,0],"10":[4,4],"11":[1,3],"12":[1,10],"13":[10,10],"14":[11,10],"15":[11,9],"16":[11,10],"17":[11,10],"18":[0,0],"19":[0,8],"20":[8,8,8,8,0],"21":[4,0],"22":[6,0],"23":[6,0]},"meta":{"lastBranch":24,"lastFunction":22,"lastStatement":85,"seen":{"s:11:19:11:Infinity":0,"s:12:26:12:Infinity":1,"f:14:22:14:38":0,"s:15:28:15:Infinity":2,"s:16:36:16:Infinity":3,"s:18:32:40:Infinity":4,"f:21:10:21:23":1,"s:22:6:22:Infinity":5,"s:23:25:23:Infinity":6,"s:25:6:25:Infinity":7,"s:25:49:25:Infinity":8,"s:26:6:26:Infinity":9,"s:26:45:26:Infinity":10,"f:28:4:28:14":2,"b:29:6:29:Infinity:undefined:undefined:undefined:undefined":0,"s:29:6:29:Infinity":11,"s:29:36:29:Infinity":12,"s:30:6:30:Infinity":13,"f:32:4:32:9":3,"b:33:6:33:Infinity:undefined:undefined:undefined:undefined":1,"s:33:6:33:Infinity":14,"s:33:29:33:Infinity":15,"s:34:6:34:Infinity":16,"f:36:10:36:26":4,"b:37:6:37:Infinity:undefined:undefined:undefined:undefined":2,"s:37:6:37:Infinity":17,"s:37:37:37:Infinity":18,"s:38:6:38:Infinity":19,"s:42:33:72:Infinity":20,"f:45:4:45:14":5,"b:46:6:49:Infinity:undefined:undefined:undefined:undefined":3,"s:46:6:49:Infinity":21,"s:47:25:47:Infinity":22,"s:48:8:48:Infinity":23,"s:50:6:50:Infinity":24,"f:52:10:52:15":6,"b:53:6:53:Infinity:undefined:undefined:undefined:undefined":4,"s:53:6:53:Infinity":25,"s:53:31:53:Infinity":26,"s:54:21:54:Infinity":27,"s:55:12:55:Infinity":28,"s:56:21:56:Infinity":29,"b:56:21:56:97:56:97:56:Infinity":5,"s:57:19:57:Infinity":30,"s:58:12:58:Infinity":31,"s:59:22:59:Infinity":32,"s:61:6:70:Infinity":33,"s:74:28:115:Infinity":34,"f:76:10:76:25":7,"s:77:21:77:Infinity":35,"s:78:19:78:Infinity":36,"s:79:21:79:Infinity":37,"b:81:6:87:Infinity:undefined:undefined:undefined:undefined":6,"s:81:6:87:Infinity":38,"s:82:8:86:Infinity":39,"b:89:6:95:Infinity:undefined:undefined:undefined:undefined":7,"s:89:6:95:Infinity":40,"s:90:8:94:Infinity":41,"b:93:40:93:79:93:79:93:102":8,"b:97:6:103:Infinity:undefined:undefined:undefined:undefined":9,"s:97:6:103:Infinity":42,"s:98:8:102:Infinity":43,"b:101:34:101:73:101:73:101:96":10,"b:105:6:113:Infinity:undefined:undefined:undefined:undefined":11,"s:105:6:113:Infinity":44,"s:106:8:112:Infinity":45,"s:107:10:111:Infinity":46,"s:117:26:117:Infinity":47,"s:119:2:119:Infinity":48,"f:122:9:122:26":8,"b:123:2:125:Infinity:undefined:undefined:undefined:undefined":12,"s:123:2:125:Infinity":49,"s:124:4:124:Infinity":50,"s:127:2:138:Infinity":51,"b:129:20:129:46:129:46:129:Infinity":13,"b:130:24:130:54:130:54:130:Infinity":14,"b:132:23:132:52:132:52:132:Infinity":15,"b:133:17:133:40:133:40:133:Infinity":16,"b:134:19:134:44:134:44:134:Infinity":17,"f:141:9:141:29":9,"s:142:18:142:Infinity":52,"s:143:17:143:Infinity":53,"s:144:2:182:Infinity":54,"f:186:15:186:24":10,"s:187:13:187:Infinity":55,"s:188:2:188:Infinity":56,"f:191:9:191:21":11,"s:192:19:192:Infinity":57,"s:193:23:193:Infinity":58,"s:194:2:194:Infinity":59,"b:194:42:194:57:194:57:194:Infinity":18,"f:197:9:197:23":12,"s:198:2:202:Infinity":60,"b:199:4:201:Infinity:undefined:undefined:undefined:undefined":19,"s:199:4:201:Infinity":61,"b:199:8:199:16:199:16:199:44:199:44:199:66:199:66:199:100:199:100:199:118":20,"s:200:6:200:Infinity":62,"s:203:2:203:Infinity":63,"f:206:9:206:23":13,"b:207:2:207:Infinity:undefined:undefined:undefined:undefined":21,"s:207:2:207:Infinity":64,"s:207:13:207:Infinity":65,"s:208:18:208:Infinity":66,"f:208:81:208:82":14,"s:208:92:208:100":67,"s:209:17:209:Infinity":68,"f:209:101:209:102":15,"s:209:112:209:120":69,"s:210:2:210:Infinity":70,"f:213:9:213:23":16,"s:214:15:214:Infinity":71,"s:215:15:220:Infinity":72,"f:216:9:216:10":17,"s:217:18:217:Infinity":73,"s:218:6:218:Infinity":74,"s:222:2:223:Infinity":75,"f:227:9:227:25":18,"s:228:15:228:Infinity":76,"s:229:2:232:Infinity":77,"f:236:9:236:25":19,"s:237:18:237:Infinity":78,"f:237:37:237:38":20,"s:237:46:237:116":79,"s:238:17:238:Infinity":80,"f:238:35:238:36":21,"s:238:45:238:97":81,"s:239:8:239:Infinity":82,"s:240:22:240:Infinity":83,"b:240:37:240:92:240:92:240:Infinity":22,"s:242:2:255:Infinity":84,"b:249:43:249:71:249:71:249:81":23},"fnNames":{}}}
,"/home/lemys/projects/personal/kamansoft/vite-plugin-flatwave-react/packages/vite-plugin-flatwave-react/src/content/indexer.ts": {"path":"/home/lemys/projects/personal/kamansoft/vite-plugin-flatwave-react/packages/vite-plugin-flatwave-react/src/content/indexer.ts","statementMap":{"0":{"start":{"line":6,"column":17},"end":{"line":6,"column":null}},"1":{"start":{"line":7,"column":24},"end":{"line":7,"column":null}},"2":{"start":{"line":8,"column":42},"end":{"line":8,"column":null}},"3":{"start":{"line":10,"column":2},"end":{"line":28,"column":null}},"4":{"start":{"line":11,"column":15},"end":{"line":11,"column":null}},"5":{"start":{"line":12,"column":16},"end":{"line":12,"column":null}},"6":{"start":{"line":13,"column":4},"end":{"line":26,"column":null}},"7":{"start":{"line":27,"column":4},"end":{"line":27,"column":null}},"8":{"start":{"line":30,"column":63},"end":{"line":30,"column":null}},"9":{"start":{"line":31,"column":2},"end":{"line":34,"column":null}},"10":{"start":{"line":32,"column":4},"end":{"line":32,"column":null}},"11":{"start":{"line":33,"column":4},"end":{"line":33,"column":null}},"12":{"start":{"line":36,"column":2},"end":{"line":38,"column":null}},"13":{"start":{"line":37,"column":4},"end":{"line":37,"column":null}},"14":{"start":{"line":40,"column":2},"end":{"line":40,"column":null}}},"fnMap":{"0":{"name":"buildIndex","decl":{"start":{"line":5,"column":22},"end":{"line":5,"column":33}},"loc":{"start":{"line":5,"column":97},"end":{"line":41,"column":null}},"line":5}},"branchMap":{"0":{"loc":{"start":{"line":11,"column":22},"end":{"line":11,"column":54}},"type":"binary-expr","locations":[{"start":{"line":11,"column":22},"end":{"line":11,"column":45}},{"start":{"line":11,"column":45},"end":{"line":11,"column":54}}],"line":11},"1":{"loc":{"start":{"line":19,"column":17},"end":{"line":19,"column":null}},"type":"cond-expr","locations":[{"start":{"line":19,"column":46},"end":{"line":19,"column":83}},{"start":{"line":19,"column":83},"end":{"line":19,"column":null}}],"line":19},"2":{"loc":{"start":{"line":20,"column":14},"end":{"line":20,"column":null}},"type":"binary-expr","locations":[{"start":{"line":20,"column":14},"end":{"line":20,"column":51}},{"start":{"line":20,"column":51},"end":{"line":20,"column":null}}],"line":20},"3":{"loc":{"start":{"line":20,"column":58},"end":{"line":20,"column":91}},"type":"binary-expr","locations":[{"start":{"line":20,"column":58},"end":{"line":20,"column":85}},{"start":{"line":20,"column":85},"end":{"line":20,"column":91}}],"line":20},"4":{"loc":{"start":{"line":37,"column":25},"end":{"line":37,"column":null}},"type":"binary-expr","locations":[{"start":{"line":37,"column":25},"end":{"line":37,"column":51}},{"start":{"line":37,"column":51},"end":{"line":37,"column":null}}],"line":37}},"s":{"0":4,"1":4,"2":4,"3":4,"4":24,"5":24,"6":24,"7":24,"8":4,"9":4,"10":24,"11":24,"12":4,"13":24,"14":4},"f":{"0":4},"b":{"0":[24,0],"1":[24,0],"2":[24,24],"3":[24,0],"4":[24,0]},"meta":{"lastBranch":5,"lastFunction":1,"lastStatement":15,"seen":{"f:5:22:5:33":0,"s:6:17:6:Infinity":0,"s:7:24:7:Infinity":1,"s:8:42:8:Infinity":2,"s:10:2:28:Infinity":3,"s:11:15:11:Infinity":4,"b:11:22:11:45:11:45:11:54":0,"s:12:16:12:Infinity":5,"s:13:4:26:Infinity":6,"b:19:46:19:83:19:83:19:Infinity":1,"b:20:14:20:51:20:51:20:Infinity":2,"b:20:58:20:85:20:85:20:91":3,"s:27:4:27:Infinity":7,"s:30:63:30:Infinity":8,"s:31:2:34:Infinity":9,"s:32:4:32:Infinity":10,"s:33:4:33:Infinity":11,"s:36:2:38:Infinity":12,"s:37:4:37:Infinity":13,"b:37:25:37:51:37:51:37:Infinity":4,"s:40:2:40:Infinity":14},"fnNames":{}}}
,"/home/lemys/projects/personal/kamansoft/vite-plugin-flatwave-react/packages/vite-plugin-flatwave-react/src/content/parser.ts": {"path":"/home/lemys/projects/personal/kamansoft/vite-plugin-flatwave-react/packages/vite-plugin-flatwave-react/src/content/parser.ts","statementMap":{"0":{"start":{"line":11,"column":8},"end":{"line":11,"column":null}},"1":{"start":{"line":12,"column":22},"end":{"line":12,"column":null}},"2":{"start":{"line":13,"column":21},"end":{"line":13,"column":null}},"3":{"start":{"line":15,"column":2},"end":{"line":19,"column":null}}},"fnMap":{"0":{"name":"parseMarkdown","decl":{"start":{"line":10,"column":16},"end":{"line":10,"column":30}},"loc":{"start":{"line":10,"column":67},"end":{"line":20,"column":null}},"line":10}},"branchMap":{},"s":{"0":0,"1":0,"2":0,"3":0},"f":{"0":0},"b":{},"meta":{"lastBranch":0,"lastFunction":1,"lastStatement":4,"seen":{"f:10:16:10:30":0,"s:11:8:11:Infinity":0,"s:12:22:12:Infinity":1,"s:13:21:13:Infinity":2,"s:15:2:19:Infinity":3},"fnNames":{}}}
,"/home/lemys/projects/personal/kamansoft/vite-plugin-flatwave-react/packages/vite-plugin-flatwave-react/src/content/routeBuilder.ts": {"path":"/home/lemys/projects/personal/kamansoft/vite-plugin-flatwave-react/packages/vite-plugin-flatwave-react/src/content/routeBuilder.ts","statementMap":{"0":{"start":{"line":10,"column":69},"end":{"line":10,"column":null}},"1":{"start":{"line":11,"column":73},"end":{"line":11,"column":null}},"2":{"start":{"line":12,"column":34},"end":{"line":12,"column":null}},"3":{"start":{"line":14,"column":2},"end":{"line":21,"column":null}},"4":{"start":{"line":15,"column":4},"end":{"line":15,"column":null}},"5":{"start":{"line":15,"column":23},"end":{"line":15,"column":null}},"6":{"start":{"line":17,"column":4},"end":{"line":17,"column":null}},"7":{"start":{"line":18,"column":4},"end":{"line":18,"column":null}},"8":{"start":{"line":19,"column":4},"end":{"line":19,"column":null}},"9":{"start":{"line":20,"column":4},"end":{"line":20,"column":null}},"10":{"start":{"line":23,"column":2},"end":{"line":41,"column":null}},"11":{"start":{"line":24,"column":20},"end":{"line":24,"column":null}},"12":{"start":{"line":25,"column":25},"end":{"line":25,"column":null}},"13":{"start":{"line":25,"column":64},"end":{"line":25,"column":93}},"14":{"start":{"line":27,"column":4},"end":{"line":40,"column":null}},"15":{"start":{"line":28,"column":20},"end":{"line":28,"column":null}},"16":{"start":{"line":29,"column":6},"end":{"line":29,"column":null}},"17":{"start":{"line":29,"column":18},"end":{"line":29,"column":null}},"18":{"start":{"line":31,"column":6},"end":{"line":39,"column":null}},"19":{"start":{"line":43,"column":2},"end":{"line":43,"column":null}},"20":{"start":{"line":43,"column":24},"end":{"line":43,"column":84}},"21":{"start":{"line":45,"column":2},"end":{"line":50,"column":null}},"22":{"start":{"line":46,"column":39},"end":{"line":46,"column":51}},"23":{"start":{"line":54,"column":47},"end":{"line":54,"column":null}},"24":{"start":{"line":55,"column":2},"end":{"line":58,"column":null}},"25":{"start":{"line":56,"column":18},"end":{"line":56,"column":null}},"26":{"start":{"line":57,"column":4},"end":{"line":57,"column":null}},"27":{"start":{"line":57,"column":15},"end":{"line":57,"column":null}},"28":{"start":{"line":59,"column":2},"end":{"line":59,"column":null}},"29":{"start":{"line":63,"column":2},"end":{"line":73,"column":null}},"30":{"start":{"line":77,"column":2},"end":{"line":77,"column":null}},"31":{"start":{"line":77,"column":67},"end":{"line":77,"column":null}},"32":{"start":{"line":78,"column":41},"end":{"line":78,"column":null}},"33":{"start":{"line":79,"column":2},"end":{"line":81,"column":null}},"34":{"start":{"line":80,"column":4},"end":{"line":80,"column":null}},"35":{"start":{"line":80,"column":45},"end":{"line":80,"column":null}},"36":{"start":{"line":82,"column":2},"end":{"line":82,"column":null}},"37":{"start":{"line":86,"column":2},"end":{"line":86,"column":null}},"38":{"start":{"line":90,"column":2},"end":{"line":90,"column":null}}},"fnMap":{"0":{"name":"buildContentIndex","decl":{"start":{"line":4,"column":16},"end":{"line":4,"column":34}},"loc":{"start":{"line":9,"column":2},"end":{"line":51,"column":null}},"line":9},"1":{"name":"(anonymous_1)","decl":{"start":{"line":25,"column":52},"end":{"line":25,"column":53}},"loc":{"start":{"line":25,"column":64},"end":{"line":25,"column":93}},"line":25},"2":{"name":"(anonymous_2)","decl":{"start":{"line":43,"column":14},"end":{"line":43,"column":15}},"loc":{"start":{"line":43,"column":24},"end":{"line":43,"column":84}},"line":43},"3":{"name":"(anonymous_3)","decl":{"start":{"line":46,"column":28},"end":{"line":46,"column":29}},"loc":{"start":{"line":46,"column":39},"end":{"line":46,"column":51}},"line":46},"4":{"name":"buildAlternatives","decl":{"start":{"line":53,"column":9},"end":{"line":53,"column":27}},"loc":{"start":{"line":53,"column":108},"end":{"line":60,"column":null}},"line":53},"5":{"name":"buildSeoMetadata","decl":{"start":{"line":62,"column":9},"end":{"line":62,"column":26}},"loc":{"start":{"line":62,"column":104},"end":{"line":74,"column":null}},"line":62},"6":{"name":"recordValue","decl":{"start":{"line":76,"column":9},"end":{"line":76,"column":21}},"loc":{"start":{"line":76,"column":73},"end":{"line":83,"column":null}},"line":76},"7":{"name":"routeFromLocaleAndSlug","decl":{"start":{"line":85,"column":16},"end":{"line":85,"column":39}},"loc":{"start":{"line":85,"column":77},"end":{"line":87,"column":null}},"line":85},"8":{"name":"isPublicFrontmatter","decl":{"start":{"line":89,"column":16},"end":{"line":89,"column":36}},"loc":{"start":{"line":89,"column":79},"end":{"line":91,"column":null}},"line":89}},"branchMap":{"0":{"loc":{"start":{"line":15,"column":4},"end":{"line":15,"column":null}},"type":"if","locations":[{"start":{"line":15,"column":4},"end":{"line":15,"column":null}},{"start":{},"end":{}}],"line":15},"1":{"loc":{"start":{"line":25,"column":64},"end":{"line":25,"column":93}},"type":"binary-expr","locations":[{"start":{"line":25,"column":64},"end":{"line":25,"column":91}},{"start":{"line":25,"column":91},"end":{"line":25,"column":93}}],"line":25},"2":{"loc":{"start":{"line":29,"column":6},"end":{"line":29,"column":null}},"type":"if","locations":[{"start":{"line":29,"column":6},"end":{"line":29,"column":null}},{"start":{},"end":{}}],"line":29},"3":{"loc":{"start":{"line":57,"column":4},"end":{"line":57,"column":null}},"type":"if","locations":[{"start":{"line":57,"column":4},"end":{"line":57,"column":null}},{"start":{},"end":{}}],"line":57},"4":{"loc":{"start":{"line":64,"column":18},"end":{"line":64,"column":41}},"type":"binary-expr","locations":[{"start":{"line":64,"column":18},"end":{"line":64,"column":39}},{"start":{"line":64,"column":39},"end":{"line":64,"column":41}}],"line":64},"5":{"loc":{"start":{"line":65,"column":17},"end":{"line":65,"column":null}},"type":"cond-expr","locations":[{"start":{"line":65,"column":43},"end":{"line":65,"column":77}},{"start":{"line":65,"column":77},"end":{"line":65,"column":null}}],"line":65},"6":{"loc":{"start":{"line":66,"column":15},"end":{"line":66,"column":null}},"type":"cond-expr","locations":[{"start":{"line":66,"column":39},"end":{"line":66,"column":71}},{"start":{"line":66,"column":71},"end":{"line":66,"column":null}}],"line":66},"7":{"loc":{"start":{"line":67,"column":11},"end":{"line":67,"column":null}},"type":"cond-expr","locations":[{"start":{"line":67,"column":31},"end":{"line":67,"column":59}},{"start":{"line":67,"column":59},"end":{"line":67,"column":null}}],"line":67},"8":{"loc":{"start":{"line":68,"column":12},"end":{"line":68,"column":null}},"type":"cond-expr","locations":[{"start":{"line":68,"column":33},"end":{"line":68,"column":62}},{"start":{"line":68,"column":62},"end":{"line":68,"column":null}}],"line":68},"9":{"loc":{"start":{"line":69,"column":14},"end":{"line":69,"column":null}},"type":"cond-expr","locations":[{"start":{"line":69,"column":52},"end":{"line":69,"column":87}},{"start":{"line":69,"column":87},"end":{"line":69,"column":null}}],"line":69},"10":{"loc":{"start":{"line":77,"column":2},"end":{"line":77,"column":null}},"type":"if","locations":[{"start":{"line":77,"column":2},"end":{"line":77,"column":null}},{"start":{},"end":{}}],"line":77},"11":{"loc":{"start":{"line":77,"column":6},"end":{"line":77,"column":67}},"type":"binary-expr","locations":[{"start":{"line":77,"column":6},"end":{"line":77,"column":16}},{"start":{"line":77,"column":16},"end":{"line":77,"column":45}},{"start":{"line":77,"column":45},"end":{"line":77,"column":67}}],"line":77},"12":{"loc":{"start":{"line":80,"column":4},"end":{"line":80,"column":null}},"type":"if","locations":[{"start":{"line":80,"column":4},"end":{"line":80,"column":null}},{"start":{},"end":{}}],"line":80},"13":{"loc":{"start":{"line":80,"column":8},"end":{"line":80,"column":45}},"type":"binary-expr","locations":[{"start":{"line":80,"column":8},"end":{"line":80,"column":30}},{"start":{"line":80,"column":30},"end":{"line":80,"column":45}}],"line":80},"14":{"loc":{"start":{"line":82,"column":9},"end":{"line":82,"column":null}},"type":"cond-expr","locations":[{"start":{"line":82,"column":42},"end":{"line":82,"column":51}},{"start":{"line":82,"column":51},"end":{"line":82,"column":null}}],"line":82}},"s":{"0":8,"1":8,"2":8,"3":8,"4":48,"5":0,"6":48,"7":48,"8":48,"9":48,"10":8,"11":24,"12":24,"13":48,"14":24,"15":48,"16":48,"17":0,"18":48,"19":8,"20":80,"21":8,"22":48,"23":24,"24":24,"25":48,"26":48,"27":48,"28":24,"29":48,"30":96,"31":96,"32":0,"33":0,"34":0,"35":0,"36":0,"37":0,"38":0},"f":{"0":8,"1":48,"2":80,"3":48,"4":24,"5":48,"6":96,"7":0,"8":0},"b":{"0":[0,48],"1":[48,0],"2":[0,48],"3":[48,0],"4":[48,0],"5":[48,0],"6":[0,48],"7":[0,48],"8":[0,48],"9":[0,48],"10":[96,0],"11":[96,0,0],"12":[0,0],"13":[0,0],"14":[0,0]},"meta":{"lastBranch":15,"lastFunction":9,"lastStatement":39,"seen":{"f:4:16:4:34":0,"s:10:69:10:Infinity":0,"s:11:73:11:Infinity":1,"s:12:34:12:Infinity":2,"s:14:2:21:Infinity":3,"b:15:4:15:Infinity:undefined:undefined:undefined:undefined":0,"s:15:4:15:Infinity":4,"s:15:23:15:Infinity":5,"s:17:4:17:Infinity":6,"s:18:4:18:Infinity":7,"s:19:4:19:Infinity":8,"s:20:4:20:Infinity":9,"s:23:2:41:Infinity":10,"s:24:20:24:Infinity":11,"s:25:25:25:Infinity":12,"f:25:52:25:53":1,"s:25:64:25:93":13,"b:25:64:25:91:25:91:25:93":1,"s:27:4:40:Infinity":14,"s:28:20:28:Infinity":15,"b:29:6:29:Infinity:undefined:undefined:undefined:undefined":2,"s:29:6:29:Infinity":16,"s:29:18:29:Infinity":17,"s:31:6:39:Infinity":18,"s:43:2:43:Infinity":19,"f:43:14:43:15":2,"s:43:24:43:84":20,"s:45:2:50:Infinity":21,"f:46:28:46:29":3,"s:46:39:46:51":22,"f:53:9:53:27":4,"s:54:47:54:Infinity":23,"s:55:2:58:Infinity":24,"s:56:18:56:Infinity":25,"b:57:4:57:Infinity:undefined:undefined:undefined:undefined":3,"s:57:4:57:Infinity":26,"s:57:15:57:Infinity":27,"s:59:2:59:Infinity":28,"f:62:9:62:26":5,"s:63:2:73:Infinity":29,"b:64:18:64:39:64:39:64:41":4,"b:65:43:65:77:65:77:65:Infinity":5,"b:66:39:66:71:66:71:66:Infinity":6,"b:67:31:67:59:67:59:67:Infinity":7,"b:68:33:68:62:68:62:68:Infinity":8,"b:69:52:69:87:69:87:69:Infinity":9,"f:76:9:76:21":6,"b:77:2:77:Infinity:undefined:undefined:undefined:undefined":10,"s:77:2:77:Infinity":30,"b:77:6:77:16:77:16:77:45:77:45:77:67":11,"s:77:67:77:Infinity":31,"s:78:41:78:Infinity":32,"s:79:2:81:Infinity":33,"b:80:4:80:Infinity:undefined:undefined:undefined:undefined":12,"s:80:4:80:Infinity":34,"b:80:8:80:30:80:30:80:45":13,"s:80:45:80:Infinity":35,"s:82:2:82:Infinity":36,"b:82:42:82:51:82:51:82:Infinity":14,"f:85:16:85:39":7,"s:86:2:86:Infinity":37,"f:89:16:89:36":8,"s:90:2:90:Infinity":38},"fnNames":{}}}
,"/home/lemys/projects/personal/kamansoft/vite-plugin-flatwave-react/packages/vite-plugin-flatwave-react/src/content/scanner.ts": {"path":"/home/lemys/projects/personal/kamansoft/vite-plugin-flatwave-react/packages/vite-plugin-flatwave-react/src/content/scanner.ts","statementMap":{"0":{"start":{"line":15,"column":38},"end":{"line":15,"column":null}},"1":{"start":{"line":17,"column":2},"end":{"line":39,"column":null}},"2":{"start":{"line":18,"column":22},"end":{"line":18,"column":null}},"3":{"start":{"line":19,"column":20},"end":{"line":24,"column":null}},"4":{"start":{"line":26,"column":4},"end":{"line":38,"column":null}},"5":{"start":{"line":27,"column":21},"end":{"line":27,"column":null}},"6":{"start":{"line":28,"column":12},"end":{"line":28,"column":null}},"7":{"start":{"line":29,"column":26},"end":{"line":29,"column":null}},"8":{"start":{"line":30,"column":19},"end":{"line":30,"column":null}},"9":{"start":{"line":31,"column":6},"end":{"line":37,"column":null}},"10":{"start":{"line":41,"column":2},"end":{"line":41,"column":null}},"11":{"start":{"line":45,"column":13},"end":{"line":45,"column":null}},"12":{"start":{"line":46,"column":2},"end":{"line":46,"column":null}},"13":{"start":{"line":50,"column":2},"end":{"line":50,"column":null}},"14":{"start":{"line":54,"column":21},"end":{"line":54,"column":null}},"15":{"start":{"line":55,"column":17},"end":{"line":55,"column":null}},"16":{"start":{"line":56,"column":2},"end":{"line":56,"column":null}},"17":{"start":{"line":60,"column":2},"end":{"line":60,"column":null}},"18":{"start":{"line":60,"column":47},"end":{"line":60,"column":null}},"19":{"start":{"line":61,"column":2},"end":{"line":61,"column":null}},"20":{"start":{"line":68,"column":16},"end":{"line":68,"column":null}},"21":{"start":{"line":69,"column":21},"end":{"line":69,"column":null}},"22":{"start":{"line":71,"column":2},"end":{"line":84,"column":null}}},"fnMap":{"0":{"name":"scanMarkdownFiles","decl":{"start":{"line":14,"column":22},"end":{"line":14,"column":40}},"loc":{"start":{"line":14,"column":110},"end":{"line":42,"column":null}},"line":14},"1":{"name":"readFile","decl":{"start":{"line":44,"column":15},"end":{"line":44,"column":24}},"loc":{"start":{"line":44,"column":55},"end":{"line":47,"column":null}},"line":44},"2":{"name":"normalizeSlug","decl":{"start":{"line":49,"column":16},"end":{"line":49,"column":30}},"loc":{"start":{"line":49,"column":52},"end":{"line":51,"column":null}},"line":49},"3":{"name":"routeForLocaleSlug","decl":{"start":{"line":53,"column":16},"end":{"line":53,"column":35}},"loc":{"start":{"line":53,"column":73},"end":{"line":57,"column":null}},"line":53},"4":{"name":"isPublicEntry","decl":{"start":{"line":59,"column":16},"end":{"line":59,"column":30}},"loc":{"start":{"line":59,"column":73},"end":{"line":62,"column":null}},"line":59},"5":{"name":"buildContentEntry","decl":{"start":{"line":64,"column":16},"end":{"line":64,"column":null}},"loc":{"start":{"line":67,"column":24},"end":{"line":85,"column":null}},"line":67}},"branchMap":{"0":{"loc":{"start":{"line":30,"column":40},"end":{"line":30,"column":86}},"type":"binary-expr","locations":[{"start":{"line":30,"column":40},"end":{"line":30,"column":60}},{"start":{"line":30,"column":60},"end":{"line":30,"column":86}}],"line":30},"1":{"loc":{"start":{"line":55,"column":17},"end":{"line":55,"column":null}},"type":"binary-expr","locations":[{"start":{"line":55,"column":17},"end":{"line":55,"column":39}},{"start":{"line":55,"column":39},"end":{"line":55,"column":null}}],"line":55},"2":{"loc":{"start":{"line":56,"column":9},"end":{"line":56,"column":null}},"type":"cond-expr","locations":[{"start":{"line":56,"column":18},"end":{"line":56,"column":34}},{"start":{"line":56,"column":34},"end":{"line":56,"column":null}}],"line":56},"3":{"loc":{"start":{"line":60,"column":2},"end":{"line":60,"column":null}},"type":"if","locations":[{"start":{"line":60,"column":2},"end":{"line":60,"column":null}},{"start":{},"end":{}}],"line":60},"4":{"loc":{"start":{"line":61,"column":16},"end":{"line":61,"column":44}},"type":"binary-expr","locations":[{"start":{"line":61,"column":16},"end":{"line":61,"column":38}},{"start":{"line":61,"column":38},"end":{"line":61,"column":44}}],"line":61},"5":{"loc":{"start":{"line":72,"column":15},"end":{"line":72,"column":51}},"type":"binary-expr","locations":[{"start":{"line":72,"column":15},"end":{"line":72,"column":40}},{"start":{"line":72,"column":40},"end":{"line":72,"column":51}}],"line":72},"6":{"loc":{"start":{"line":77,"column":15},"end":{"line":77,"column":null}},"type":"cond-expr","locations":[{"start":{"line":77,"column":46},"end":{"line":77,"column":85}},{"start":{"line":77,"column":85},"end":{"line":77,"column":null}}],"line":77}},"s":{"0":8,"1":8,"2":16,"3":16,"4":16,"5":48,"6":48,"7":48,"8":48,"9":48,"10":8,"11":48,"12":48,"13":120,"14":72,"15":72,"16":72,"17":0,"18":0,"19":0,"20":0,"21":0,"22":0},"f":{"0":8,"1":48,"2":120,"3":72,"4":0,"5":0},"b":{"0":[48,0],"1":[72,72],"2":[24,48],"3":[0,0],"4":[0,0],"5":[0,0],"6":[0,0]},"meta":{"lastBranch":7,"lastFunction":6,"lastStatement":23,"seen":{"f:14:22:14:40":0,"s:15:38:15:Infinity":0,"s:17:2:39:Infinity":1,"s:18:22:18:Infinity":2,"s:19:20:24:Infinity":3,"s:26:4:38:Infinity":4,"s:27:21:27:Infinity":5,"s:28:12:28:Infinity":6,"s:29:26:29:Infinity":7,"s:30:19:30:Infinity":8,"b:30:40:30:60:30:60:30:86":0,"s:31:6:37:Infinity":9,"s:41:2:41:Infinity":10,"f:44:15:44:24":1,"s:45:13:45:Infinity":11,"s:46:2:46:Infinity":12,"f:49:16:49:30":2,"s:50:2:50:Infinity":13,"f:53:16:53:35":3,"s:54:21:54:Infinity":14,"s:55:17:55:Infinity":15,"b:55:17:55:39:55:39:55:Infinity":1,"s:56:2:56:Infinity":16,"b:56:18:56:34:56:34:56:Infinity":2,"f:59:16:59:30":4,"b:60:2:60:Infinity:undefined:undefined:undefined:undefined":3,"s:60:2:60:Infinity":17,"s:60:47:60:Infinity":18,"s:61:2:61:Infinity":19,"b:61:16:61:38:61:38:61:44":4,"f:64:16:64:Infinity":5,"s:68:16:68:Infinity":20,"s:69:21:69:Infinity":21,"s:71:2:84:Infinity":22,"b:72:15:72:40:72:40:72:51":5,"b:77:46:77:85:77:85:77:Infinity":6},"fnNames":{}}}
,"/home/lemys/projects/personal/kamansoft/vite-plugin-flatwave-react/packages/vite-plugin-flatwave-react/src/content/validator.ts": {"path":"/home/lemys/projects/personal/kamansoft/vite-plugin-flatwave-react/packages/vite-plugin-flatwave-react/src/content/validator.ts","statementMap":{"0":{"start":{"line":8,"column":27},"end":{"line":8,"column":null}},"1":{"start":{"line":9,"column":29},"end":{"line":9,"column":null}},"2":{"start":{"line":10,"column":25},"end":{"line":10,"column":null}},"3":{"start":{"line":11,"column":16},"end":{"line":11,"column":null}},"4":{"start":{"line":13,"column":2},"end":{"line":13,"column":null}},"5":{"start":{"line":14,"column":2},"end":{"line":14,"column":null}},"6":{"start":{"line":15,"column":2},"end":{"line":15,"column":null}},"7":{"start":{"line":16,"column":2},"end":{"line":16,"column":null}},"8":{"start":{"line":17,"column":2},"end":{"line":17,"column":null}},"9":{"start":{"line":18,"column":2},"end":{"line":18,"column":null}},"10":{"start":{"line":20,"column":18},"end":{"line":37,"column":null}},"11":{"start":{"line":21,"column":15},"end":{"line":21,"column":null}},"12":{"start":{"line":22,"column":10},"end":{"line":22,"column":null}},"13":{"start":{"line":23,"column":4},"end":{"line":36,"column":null}},"14":{"start":{"line":39,"column":8},"end":{"line":39,"column":null}},"15":{"start":{"line":40,"column":2},"end":{"line":42,"column":null}},"16":{"start":{"line":41,"column":4},"end":{"line":41,"column":null}},"17":{"start":{"line":44,"column":2},"end":{"line":46,"column":null}},"18":{"start":{"line":44,"column":65},"end":{"line":44,"column":103}},"19":{"start":{"line":45,"column":4},"end":{"line":45,"column":null}},"20":{"start":{"line":45,"column":48},"end":{"line":45,"column":86}},"21":{"start":{"line":48,"column":2},"end":{"line":48,"column":null}},"22":{"start":{"line":52,"column":2},"end":{"line":59,"column":null}},"23":{"start":{"line":53,"column":4},"end":{"line":58,"column":null}},"24":{"start":{"line":54,"column":20},"end":{"line":54,"column":null}},"25":{"start":{"line":55,"column":6},"end":{"line":57,"column":null}},"26":{"start":{"line":56,"column":8},"end":{"line":56,"column":null}},"27":{"start":{"line":63,"column":15},"end":{"line":63,"column":null}},"28":{"start":{"line":64,"column":2},"end":{"line":73,"column":null}},"29":{"start":{"line":65,"column":15},"end":{"line":65,"column":null}},"30":{"start":{"line":66,"column":16},"end":{"line":66,"column":null}},"31":{"start":{"line":67,"column":21},"end":{"line":67,"column":null}},"32":{"start":{"line":68,"column":4},"end":{"line":72,"column":null}},"33":{"start":{"line":69,"column":6},"end":{"line":69,"column":null}},"34":{"start":{"line":71,"column":6},"end":{"line":71,"column":null}},"35":{"start":{"line":77,"column":15},"end":{"line":77,"column":null}},"36":{"start":{"line":78,"column":2},"end":{"line":86,"column":null}},"37":{"start":{"line":79,"column":16},"end":{"line":79,"column":null}},"38":{"start":{"line":80,"column":21},"end":{"line":80,"column":null}},"39":{"start":{"line":81,"column":4},"end":{"line":85,"column":null}},"40":{"start":{"line":82,"column":6},"end":{"line":82,"column":null}},"41":{"start":{"line":84,"column":6},"end":{"line":84,"column":null}},"42":{"start":{"line":90,"column":15},"end":{"line":90,"column":null}},"43":{"start":{"line":91,"column":2},"end":{"line":107,"column":null}},"44":{"start":{"line":92,"column":17},"end":{"line":92,"column":null}},"45":{"start":{"line":93,"column":21},"end":{"line":93,"column":null}},"46":{"start":{"line":94,"column":4},"end":{"line":94,"column":null}},"47":{"start":{"line":94,"column":88},"end":{"line":94,"column":null}},"48":{"start":{"line":95,"column":20},"end":{"line":95,"column":null}},"49":{"start":{"line":96,"column":4},"end":{"line":99,"column":null}},"50":{"start":{"line":97,"column":6},"end":{"line":97,"column":null}},"51":{"start":{"line":98,"column":6},"end":{"line":98,"column":null}},"52":{"start":{"line":100,"column":16},"end":{"line":100,"column":null}},"53":{"start":{"line":101,"column":21},"end":{"line":101,"column":null}},"54":{"start":{"line":102,"column":4},"end":{"line":106,"column":null}},"55":{"start":{"line":103,"column":6},"end":{"line":103,"column":null}},"56":{"start":{"line":105,"column":6},"end":{"line":105,"column":null}},"57":{"start":{"line":111,"column":2},"end":{"line":111,"column":null}},"58":{"start":{"line":111,"column":44},"end":{"line":111,"column":null}},"59":{"start":{"line":113,"column":20},"end":{"line":113,"column":null}},"60":{"start":{"line":114,"column":2},"end":{"line":120,"column":null}},"61":{"start":{"line":115,"column":22},"end":{"line":115,"column":null}},"62":{"start":{"line":116,"column":4},"end":{"line":116,"column":null}},"63":{"start":{"line":116,"column":20},"end":{"line":116,"column":null}},"64":{"start":{"line":117,"column":4},"end":{"line":119,"column":null}},"65":{"start":{"line":118,"column":6},"end":{"line":118,"column":null}},"66":{"start":{"line":124,"column":15},"end":{"line":124,"column":null}},"67":{"start":{"line":125,"column":21},"end":{"line":125,"column":null}},"68":{"start":{"line":127,"column":2},"end":{"line":141,"column":null}},"69":{"start":{"line":128,"column":21},"end":{"line":128,"column":null}},"70":{"start":{"line":130,"column":4},"end":{"line":134,"column":null}},"71":{"start":{"line":131,"column":6},"end":{"line":131,"column":null}},"72":{"start":{"line":133,"column":6},"end":{"line":133,"column":null}},"73":{"start":{"line":136,"column":4},"end":{"line":140,"column":null}},"74":{"start":{"line":137,"column":6},"end":{"line":137,"column":null}},"75":{"start":{"line":137,"column":26},"end":{"line":137,"column":null}},"76":{"start":{"line":138,"column":6},"end":{"line":138,"column":null}},"77":{"start":{"line":138,"column":45},"end":{"line":138,"column":null}},"78":{"start":{"line":139,"column":6},"end":{"line":139,"column":null}},"79":{"start":{"line":143,"column":2},"end":{"line":143,"column":null}},"80":{"start":{"line":147,"column":22},"end":{"line":147,"column":null}},"81":{"start":{"line":148,"column":2},"end":{"line":152,"column":null}},"82":{"start":{"line":149,"column":15},"end":{"line":149,"column":null}},"83":{"start":{"line":150,"column":4},"end":{"line":150,"column":null}},"84":{"start":{"line":150,"column":39},"end":{"line":150,"column":null}},"85":{"start":{"line":151,"column":4},"end":{"line":151,"column":null}},"86":{"start":{"line":154,"column":17},"end":{"line":154,"column":null}},"87":{"start":{"line":155,"column":2},"end":{"line":157,"column":null}},"88":{"start":{"line":156,"column":4},"end":{"line":156,"column":null}},"89":{"start":{"line":156,"column":26},"end":{"line":156,"column":null}},"90":{"start":{"line":159,"column":2},"end":{"line":165,"column":null}},"91":{"start":{"line":160,"column":4},"end":{"line":164,"column":null}},"92":{"start":{"line":161,"column":6},"end":{"line":163,"column":null}},"93":{"start":{"line":162,"column":8},"end":{"line":162,"column":null}},"94":{"start":{"line":169,"column":2},"end":{"line":169,"column":null}},"95":{"start":{"line":169,"column":22},"end":{"line":169,"column":null}},"96":{"start":{"line":170,"column":2},"end":{"line":170,"column":null}}},"fnMap":{"0":{"name":"validateContent","decl":{"start":{"line":7,"column":22},"end":{"line":7,"column":38}},"loc":{"start":{"line":7,"column":98},"end":{"line":49,"column":null}},"line":7},"1":{"name":"(anonymous_1)","decl":{"start":{"line":20,"column":28},"end":{"line":20,"column":29}},"loc":{"start":{"line":20,"column":38},"end":{"line":37,"column":3}},"line":20},"2":{"name":"(anonymous_2)","decl":{"start":{"line":44,"column":52},"end":{"line":44,"column":53}},"loc":{"start":{"line":44,"column":65},"end":{"line":44,"column":103}},"line":44},"3":{"name":"(anonymous_3)","decl":{"start":{"line":45,"column":35},"end":{"line":45,"column":36}},"loc":{"start":{"line":45,"column":48},"end":{"line":45,"column":86}},"line":45},"4":{"name":"validateRequiredFields","decl":{"start":{"line":51,"column":15},"end":{"line":51,"column":38}},"loc":{"start":{"line":51,"column":151},"end":{"line":60,"column":null}},"line":51},"5":{"name":"validateDuplicateIds","decl":{"start":{"line":62,"column":15},"end":{"line":62,"column":36}},"loc":{"start":{"line":62,"column":123},"end":{"line":74,"column":null}},"line":62},"6":{"name":"validateDuplicateSlugs","decl":{"start":{"line":76,"column":15},"end":{"line":76,"column":38}},"loc":{"start":{"line":76,"column":125},"end":{"line":87,"column":null}},"line":76},"7":{"name":"validateMenuPositions","decl":{"start":{"line":89,"column":15},"end":{"line":89,"column":37}},"loc":{"start":{"line":89,"column":124},"end":{"line":108,"column":null}},"line":89},"8":{"name":"validateComponents","decl":{"start":{"line":110,"column":15},"end":{"line":110,"column":34}},"loc":{"start":{"line":110,"column":154},"end":{"line":121,"column":null}},"line":110},"9":{"name":"discoverComponents","decl":{"start":{"line":123,"column":22},"end":{"line":123,"column":41}},"loc":{"start":{"line":123,"column":98},"end":{"line":144,"column":null}},"line":123},"10":{"name":"validateMissingLocales","decl":{"start":{"line":146,"column":9},"end":{"line":146,"column":32}},"loc":{"start":{"line":146,"column":145},"end":{"line":166,"column":null}},"line":146},"11":{"name":"formatComponentsDir","decl":{"start":{"line":168,"column":9},"end":{"line":168,"column":29}},"loc":{"start":{"line":168,"column":72},"end":{"line":171,"column":null}},"line":168}},"branchMap":{"0":{"loc":{"start":{"line":10,"column":25},"end":{"line":10,"column":null}},"type":"binary-expr","locations":[{"start":{"line":10,"column":25},"end":{"line":10,"column":51}},{"start":{"line":10,"column":51},"end":{"line":10,"column":null}}],"line":10},"1":{"loc":{"start":{"line":21,"column":22},"end":{"line":21,"column":54}},"type":"binary-expr","locations":[{"start":{"line":21,"column":22},"end":{"line":21,"column":45}},{"start":{"line":21,"column":45},"end":{"line":21,"column":54}}],"line":21},"2":{"loc":{"start":{"line":29,"column":17},"end":{"line":29,"column":null}},"type":"cond-expr","locations":[{"start":{"line":29,"column":46},"end":{"line":29,"column":83}},{"start":{"line":29,"column":83},"end":{"line":29,"column":null}}],"line":29},"3":{"loc":{"start":{"line":30,"column":14},"end":{"line":30,"column":null}},"type":"binary-expr","locations":[{"start":{"line":30,"column":14},"end":{"line":30,"column":51}},{"start":{"line":30,"column":51},"end":{"line":30,"column":null}}],"line":30},"4":{"loc":{"start":{"line":30,"column":58},"end":{"line":30,"column":91}},"type":"binary-expr","locations":[{"start":{"line":30,"column":58},"end":{"line":30,"column":85}},{"start":{"line":30,"column":85},"end":{"line":30,"column":91}}],"line":30},"5":{"loc":{"start":{"line":40,"column":2},"end":{"line":42,"column":null}},"type":"if","locations":[{"start":{"line":40,"column":2},"end":{"line":42,"column":null}},{"start":{},"end":{}}],"line":40},"6":{"loc":{"start":{"line":44,"column":2},"end":{"line":46,"column":null}},"type":"if","locations":[{"start":{"line":44,"column":2},"end":{"line":46,"column":null}},{"start":{},"end":{}}],"line":44},"7":{"loc":{"start":{"line":44,"column":6},"end":{"line":44,"column":106}},"type":"binary-expr","locations":[{"start":{"line":44,"column":6},"end":{"line":44,"column":38}},{"start":{"line":44,"column":38},"end":{"line":44,"column":106}}],"line":44},"8":{"loc":{"start":{"line":55,"column":6},"end":{"line":57,"column":null}},"type":"if","locations":[{"start":{"line":55,"column":6},"end":{"line":57,"column":null}},{"start":{},"end":{}}],"line":55},"9":{"loc":{"start":{"line":55,"column":10},"end":{"line":55,"column":65}},"type":"binary-expr","locations":[{"start":{"line":55,"column":10},"end":{"line":55,"column":33}},{"start":{"line":55,"column":33},"end":{"line":55,"column":51}},{"start":{"line":55,"column":51},"end":{"line":55,"column":65}}],"line":55},"10":{"loc":{"start":{"line":65,"column":22},"end":{"line":65,"column":54}},"type":"binary-expr","locations":[{"start":{"line":65,"column":22},"end":{"line":65,"column":45}},{"start":{"line":65,"column":45},"end":{"line":65,"column":54}}],"line":65},"11":{"loc":{"start":{"line":68,"column":4},"end":{"line":72,"column":null}},"type":"if","locations":[{"start":{"line":68,"column":4},"end":{"line":72,"column":null}},{"start":{"line":70,"column":11},"end":{"line":72,"column":null}}],"line":68},"12":{"loc":{"start":{"line":81,"column":4},"end":{"line":85,"column":null}},"type":"if","locations":[{"start":{"line":81,"column":4},"end":{"line":85,"column":null}},{"start":{"line":83,"column":11},"end":{"line":85,"column":null}}],"line":81},"13":{"loc":{"start":{"line":94,"column":4},"end":{"line":94,"column":null}},"type":"if","locations":[{"start":{"line":94,"column":4},"end":{"line":94,"column":null}},{"start":{},"end":{}}],"line":94},"14":{"loc":{"start":{"line":94,"column":8},"end":{"line":94,"column":88}},"type":"binary-expr","locations":[{"start":{"line":94,"column":8},"end":{"line":94,"column":30}},{"start":{"line":94,"column":30},"end":{"line":94,"column":45}},{"start":{"line":94,"column":45},"end":{"line":94,"column":71}},{"start":{"line":94,"column":71},"end":{"line":94,"column":88}}],"line":94},"15":{"loc":{"start":{"line":96,"column":4},"end":{"line":99,"column":null}},"type":"if","locations":[{"start":{"line":96,"column":4},"end":{"line":99,"column":null}},{"start":{},"end":{}}],"line":96},"16":{"loc":{"start":{"line":102,"column":4},"end":{"line":106,"column":null}},"type":"if","locations":[{"start":{"line":102,"column":4},"end":{"line":106,"column":null}},{"start":{"line":104,"column":11},"end":{"line":106,"column":null}}],"line":102},"17":{"loc":{"start":{"line":111,"column":2},"end":{"line":111,"column":null}},"type":"if","locations":[{"start":{"line":111,"column":2},"end":{"line":111,"column":null}},{"start":{},"end":{}}],"line":111},"18":{"loc":{"start":{"line":115,"column":22},"end":{"line":115,"column":null}},"type":"cond-expr","locations":[{"start":{"line":115,"column":51},"end":{"line":115,"column":88}},{"start":{"line":115,"column":88},"end":{"line":115,"column":null}}],"line":115},"19":{"loc":{"start":{"line":116,"column":4},"end":{"line":116,"column":null}},"type":"if","locations":[{"start":{"line":116,"column":4},"end":{"line":116,"column":null}},{"start":{},"end":{}}],"line":116},"20":{"loc":{"start":{"line":117,"column":4},"end":{"line":119,"column":null}},"type":"if","locations":[{"start":{"line":117,"column":4},"end":{"line":119,"column":null}},{"start":{},"end":{}}],"line":117},"21":{"loc":{"start":{"line":124,"column":15},"end":{"line":124,"column":null}},"type":"cond-expr","locations":[{"start":{"line":124,"column":46},"end":{"line":124,"column":62}},{"start":{"line":124,"column":62},"end":{"line":124,"column":null}}],"line":124},"22":{"loc":{"start":{"line":124,"column":62},"end":{"line":124,"column":null}},"type":"cond-expr","locations":[{"start":{"line":124,"column":78},"end":{"line":124,"column":96}},{"start":{"line":124,"column":96},"end":{"line":124,"column":null}}],"line":124},"23":{"loc":{"start":{"line":137,"column":6},"end":{"line":137,"column":null}},"type":"if","locations":[{"start":{"line":137,"column":6},"end":{"line":137,"column":null}},{"start":{},"end":{}}],"line":137},"24":{"loc":{"start":{"line":138,"column":6},"end":{"line":138,"column":null}},"type":"if","locations":[{"start":{"line":138,"column":6},"end":{"line":138,"column":null}},{"start":{},"end":{}}],"line":138},"25":{"loc":{"start":{"line":149,"column":22},"end":{"line":149,"column":54}},"type":"binary-expr","locations":[{"start":{"line":149,"column":22},"end":{"line":149,"column":45}},{"start":{"line":149,"column":45},"end":{"line":149,"column":54}}],"line":149},"26":{"loc":{"start":{"line":150,"column":4},"end":{"line":150,"column":null}},"type":"if","locations":[{"start":{"line":150,"column":4},"end":{"line":150,"column":null}},{"start":{},"end":{}}],"line":150},"27":{"loc":{"start":{"line":161,"column":6},"end":{"line":163,"column":null}},"type":"if","locations":[{"start":{"line":161,"column":6},"end":{"line":163,"column":null}},{"start":{},"end":{}}],"line":161},"28":{"loc":{"start":{"line":169,"column":2},"end":{"line":169,"column":null}},"type":"if","locations":[{"start":{"line":169,"column":2},"end":{"line":169,"column":null}},{"start":{},"end":{}}],"line":169},"29":{"loc":{"start":{"line":170,"column":9},"end":{"line":170,"column":null}},"type":"cond-expr","locations":[{"start":{"line":170,"column":40},"end":{"line":170,"column":67}},{"start":{"line":170,"column":67},"end":{"line":170,"column":null}}],"line":170}},"s":{"0":4,"1":4,"2":4,"3":4,"4":4,"5":4,"6":4,"7":4,"8":4,"9":4,"10":4,"11":24,"12":24,"13":24,"14":4,"15":4,"16":0,"17":4,"18":0,"19":0,"20":0,"21":4,"22":4,"23":24,"24":120,"25":120,"26":0,"27":4,"28":4,"29":24,"30":24,"31":24,"32":24,"33":0,"34":24,"35":4,"36":4,"37":24,"38":24,"39":24,"40":0,"41":24,"42":4,"43":4,"44":24,"45":24,"46":24,"47":24,"48":0,"49":0,"50":0,"51":0,"52":0,"53":0,"54":0,"55":0,"56":0,"57":4,"58":0,"59":4,"60":4,"61":24,"62":24,"63":0,"64":24,"65":0,"66":4,"67":4,"68":4,"69":4,"70":4,"71":4,"72":0,"73":4,"74":4,"75":0,"76":4,"77":0,"78":4,"79":4,"80":4,"81":4,"82":24,"83":24,"84":8,"85":24,"86":4,"87":4,"88":8,"89":24,"90":4,"91":12,"92":24,"93":0,"94":0,"95":0,"96":0},"f":{"0":4,"1":24,"2":0,"3":0,"4":4,"5":4,"6":4,"7":4,"8":4,"9":4,"10":4,"11":0},"b":{"0":[4,0],"1":[24,0],"2":[24,0],"3":[24,24],"4":[24,0],"5":[0,4],"6":[0,4],"7":[4,0],"8":[0,120],"9":[120,120,120],"10":[24,0],"11":[0,24],"12":[0,24],"13":[24,0],"14":[24,0,0,0],"15":[0,0],"16":[0,0],"17":[0,4],"18":[24,0],"19":[0,24],"20":[0,24],"21":[0,4],"22":[4,0],"23":[0,4],"24":[0,4],"25":[24,0],"26":[8,16],"27":[0,24],"28":[0,0],"29":[0,0]},"meta":{"lastBranch":30,"lastFunction":12,"lastStatement":97,"seen":{"f:7:22:7:38":0,"s:8:27:8:Infinity":0,"s:9:29:9:Infinity":1,"s:10:25:10:Infinity":2,"b:10:25:10:51:10:51:10:Infinity":0,"s:11:16:11:Infinity":3,"s:13:2:13:Infinity":4,"s:14:2:14:Infinity":5,"s:15:2:15:Infinity":6,"s:16:2:16:Infinity":7,"s:17:2:17:Infinity":8,"s:18:2:18:Infinity":9,"s:20:18:37:Infinity":10,"f:20:28:20:29":1,"s:21:15:21:Infinity":11,"b:21:22:21:45:21:45:21:54":1,"s:22:10:22:Infinity":12,"s:23:4:36:Infinity":13,"b:29:46:29:83:29:83:29:Infinity":2,"b:30:14:30:51:30:51:30:Infinity":3,"b:30:58:30:85:30:85:30:91":4,"s:39:8:39:Infinity":14,"b:40:2:42:Infinity:undefined:undefined:undefined:undefined":5,"s:40:2:42:Infinity":15,"s:41:4:41:Infinity":16,"b:44:2:46:Infinity:undefined:undefined:undefined:undefined":6,"s:44:2:46:Infinity":17,"b:44:6:44:38:44:38:44:106":7,"f:44:52:44:53":2,"s:44:65:44:103":18,"s:45:4:45:Infinity":19,"f:45:35:45:36":3,"s:45:48:45:86":20,"s:48:2:48:Infinity":21,"f:51:15:51:38":4,"s:52:2:59:Infinity":22,"s:53:4:58:Infinity":23,"s:54:20:54:Infinity":24,"b:55:6:57:Infinity:undefined:undefined:undefined:undefined":8,"s:55:6:57:Infinity":25,"b:55:10:55:33:55:33:55:51:55:51:55:65":9,"s:56:8:56:Infinity":26,"f:62:15:62:36":5,"s:63:15:63:Infinity":27,"s:64:2:73:Infinity":28,"s:65:15:65:Infinity":29,"b:65:22:65:45:65:45:65:54":10,"s:66:16:66:Infinity":30,"s:67:21:67:Infinity":31,"b:68:4:72:Infinity:70:11:72:Infinity":11,"s:68:4:72:Infinity":32,"s:69:6:69:Infinity":33,"s:71:6:71:Infinity":34,"f:76:15:76:38":6,"s:77:15:77:Infinity":35,"s:78:2:86:Infinity":36,"s:79:16:79:Infinity":37,"s:80:21:80:Infinity":38,"b:81:4:85:Infinity:83:11:85:Infinity":12,"s:81:4:85:Infinity":39,"s:82:6:82:Infinity":40,"s:84:6:84:Infinity":41,"f:89:15:89:37":7,"s:90:15:90:Infinity":42,"s:91:2:107:Infinity":43,"s:92:17:92:Infinity":44,"s:93:21:93:Infinity":45,"b:94:4:94:Infinity:undefined:undefined:undefined:undefined":13,"s:94:4:94:Infinity":46,"b:94:8:94:30:94:30:94:45:94:45:94:71:94:71:94:88":14,"s:94:88:94:Infinity":47,"s:95:20:95:Infinity":48,"b:96:4:99:Infinity:undefined:undefined:undefined:undefined":15,"s:96:4:99:Infinity":49,"s:97:6:97:Infinity":50,"s:98:6:98:Infinity":51,"s:100:16:100:Infinity":52,"s:101:21:101:Infinity":53,"b:102:4:106:Infinity:104:11:106:Infinity":16,"s:102:4:106:Infinity":54,"s:103:6:103:Infinity":55,"s:105:6:105:Infinity":56,"f:110:15:110:34":8,"b:111:2:111:Infinity:undefined:undefined:undefined:undefined":17,"s:111:2:111:Infinity":57,"s:111:44:111:Infinity":58,"s:113:20:113:Infinity":59,"s:114:2:120:Infinity":60,"s:115:22:115:Infinity":61,"b:115:51:115:88:115:88:115:Infinity":18,"b:116:4:116:Infinity:undefined:undefined:undefined:undefined":19,"s:116:4:116:Infinity":62,"s:116:20:116:Infinity":63,"b:117:4:119:Infinity:undefined:undefined:undefined:undefined":20,"s:117:4:119:Infinity":64,"s:118:6:118:Infinity":65,"f:123:22:123:41":9,"s:124:15:124:Infinity":66,"b:124:46:124:62:124:62:124:Infinity":21,"b:124:78:124:96:124:96:124:Infinity":22,"s:125:21:125:Infinity":67,"s:127:2:141:Infinity":68,"s:128:21:128:Infinity":69,"s:130:4:134:Infinity":70,"s:131:6:131:Infinity":71,"s:133:6:133:Infinity":72,"s:136:4:140:Infinity":73,"b:137:6:137:Infinity:undefined:undefined:undefined:undefined":23,"s:137:6:137:Infinity":74,"s:137:26:137:Infinity":75,"b:138:6:138:Infinity:undefined:undefined:undefined:undefined":24,"s:138:6:138:Infinity":76,"s:138:45:138:Infinity":77,"s:139:6:139:Infinity":78,"s:143:2:143:Infinity":79,"f:146:9:146:32":10,"s:147:22:147:Infinity":80,"s:148:2:152:Infinity":81,"s:149:15:149:Infinity":82,"b:149:22:149:45:149:45:149:54":25,"b:150:4:150:Infinity:undefined:undefined:undefined:undefined":26,"s:150:4:150:Infinity":83,"s:150:39:150:Infinity":84,"s:151:4:151:Infinity":85,"s:154:17:154:Infinity":86,"s:155:2:157:Infinity":87,"s:156:4:156:Infinity":88,"s:156:26:156:Infinity":89,"s:159:2:165:Infinity":90,"s:160:4:164:Infinity":91,"b:161:6:163:Infinity:undefined:undefined:undefined:undefined":27,"s:161:6:163:Infinity":92,"s:162:8:162:Infinity":93,"f:168:9:168:29":11,"b:169:2:169:Infinity:undefined:undefined:undefined:undefined":28,"s:169:2:169:Infinity":94,"s:169:22:169:Infinity":95,"s:170:2:170:Infinity":96,"b:170:40:170:67:170:67:170:Infinity":29},"fnNames":{}}}
,"/home/lemys/projects/personal/kamansoft/vite-plugin-flatwave-react/packages/vite-plugin-flatwave-react/src/prerender/index.ts": {"path":"/home/lemys/projects/personal/kamansoft/vite-plugin-flatwave-react/packages/vite-plugin-flatwave-react/src/prerender/index.ts","statementMap":{"0":{"start":{"line":13,"column":27},"end":{"line":13,"column":null}},"1":{"start":{"line":15,"column":2},"end":{"line":20,"column":null}},"2":{"start":{"line":16,"column":4},"end":{"line":19,"column":null}},"3":{"start":{"line":22,"column":2},"end":{"line":29,"column":null}},"4":{"start":{"line":36,"column":27},"end":{"line":36,"column":null}},"5":{"start":{"line":37,"column":19},"end":{"line":37,"column":null}},"6":{"start":{"line":39,"column":17},"end":{"line":39,"column":null}},"7":{"start":{"line":40,"column":68},"end":{"line":40,"column":null}},"8":{"start":{"line":42,"column":2},"end":{"line":42,"column":null}},"9":{"start":{"line":43,"column":2},"end":{"line":43,"column":null}},"10":{"start":{"line":45,"column":19},"end":{"line":45,"column":null}},"11":{"start":{"line":47,"column":2},"end":{"line":80,"column":null}},"12":{"start":{"line":49,"column":12},"end":{"line":49,"column":null}},"13":{"start":{"line":51,"column":28},"end":{"line":51,"column":null}},"14":{"start":{"line":52,"column":24},"end":{"line":52,"column":null}},"15":{"start":{"line":53,"column":12},"end":{"line":53,"column":null}},"16":{"start":{"line":55,"column":61},"end":{"line":55,"column":null}},"17":{"start":{"line":57,"column":6},"end":{"line":76,"column":null}},"18":{"start":{"line":58,"column":24},"end":{"line":58,"column":null}},"19":{"start":{"line":59,"column":8},"end":{"line":62,"column":null}},"20":{"start":{"line":60,"column":10},"end":{"line":60,"column":null}},"21":{"start":{"line":61,"column":10},"end":{"line":61,"column":null}},"22":{"start":{"line":64,"column":41},"end":{"line":69,"column":null}},"23":{"start":{"line":71,"column":24},"end":{"line":71,"column":null}},"24":{"start":{"line":72,"column":14},"end":{"line":72,"column":null}},"25":{"start":{"line":74,"column":25},"end":{"line":74,"column":null}},"26":{"start":{"line":75,"column":8},"end":{"line":75,"column":null}},"27":{"start":{"line":78,"column":6},"end":{"line":78,"column":null}},"28":{"start":{"line":84,"column":2},"end":{"line":84,"column":null}},"29":{"start":{"line":84,"column":18},"end":{"line":84,"column":null}},"30":{"start":{"line":85,"column":2},"end":{"line":85,"column":null}},"31":{"start":{"line":85,"column":26},"end":{"line":85,"column":null}},"32":{"start":{"line":86,"column":2},"end":{"line":86,"column":null}},"33":{"start":{"line":90,"column":25},"end":{"line":90,"column":null}},"34":{"start":{"line":91,"column":61},"end":{"line":91,"column":null}},"35":{"start":{"line":93,"column":2},"end":{"line":105,"column":null}},"36":{"start":{"line":94,"column":4},"end":{"line":104,"column":null}},"37":{"start":{"line":95,"column":21},"end":{"line":95,"column":null}},"38":{"start":{"line":96,"column":6},"end":{"line":96,"column":null}},"39":{"start":{"line":98,"column":6},"end":{"line":103,"column":null}},"40":{"start":{"line":99,"column":23},"end":{"line":99,"column":null}},"41":{"start":{"line":100,"column":8},"end":{"line":100,"column":null}},"42":{"start":{"line":102,"column":8},"end":{"line":102,"column":null}},"43":{"start":{"line":107,"column":2},"end":{"line":107,"column":null}},"44":{"start":{"line":111,"column":2},"end":{"line":111,"column":null}},"45":{"start":{"line":115,"column":2},"end":{"line":119,"column":null}},"46":{"start":{"line":116,"column":4},"end":{"line":118,"column":null}},"47":{"start":{"line":117,"column":6},"end":{"line":117,"column":null}},"48":{"start":{"line":120,"column":2},"end":{"line":120,"column":null}}},"fnMap":{"0":{"name":"createPrerenderPlugin","decl":{"start":{"line":9,"column":22},"end":{"line":9,"column":null}},"loc":{"start":{"line":12,"column":19},"end":{"line":30,"column":null}},"line":12},"1":{"name":"buildStart","decl":{"start":{"line":25,"column":10},"end":{"line":25,"column":23}},"loc":{"start":{"line":25,"column":23},"end":{"line":26,"column":null}},"line":25},"2":{"name":"generateBundle","decl":{"start":{"line":27,"column":10},"end":{"line":27,"column":25}},"loc":{"start":{"line":27,"column":36},"end":{"line":28,"column":null}},"line":27},"3":{"name":"createPrerenderer","decl":{"start":{"line":32,"column":22},"end":{"line":32,"column":null}},"loc":{"start":{"line":35,"column":2},"end":{"line":81,"column":null}},"line":35},"4":{"name":"prerender","decl":{"start":{"line":48,"column":10},"end":{"line":48,"column":20}},"loc":{"start":{"line":48,"column":39},"end":{"line":79,"column":null}},"line":48},"5":{"name":"normalizePrerenderOptions","decl":{"start":{"line":83,"column":9},"end":{"line":83,"column":35}},"loc":{"start":{"line":83,"column":110},"end":{"line":87,"column":null}},"line":83},"6":{"name":"buildComponentRegistry","decl":{"start":{"line":89,"column":15},"end":{"line":89,"column":38}},"loc":{"start":{"line":89,"column":124},"end":{"line":108,"column":null}},"line":89},"7":{"name":"findContentForRoute","decl":{"start":{"line":110,"column":9},"end":{"line":110,"column":29}},"loc":{"start":{"line":110,"column":114},"end":{"line":112,"column":null}},"line":110},"8":{"name":"findIndexHtml","decl":{"start":{"line":114,"column":9},"end":{"line":114,"column":23}},"loc":{"start":{"line":114,"column":76},"end":{"line":121,"column":null}},"line":114}},"branchMap":{"0":{"loc":{"start":{"line":15,"column":2},"end":{"line":20,"column":null}},"type":"if","locations":[{"start":{"line":15,"column":2},"end":{"line":20,"column":null}},{"start":{},"end":{}}],"line":15},"1":{"loc":{"start":{"line":37,"column":19},"end":{"line":37,"column":null}},"type":"binary-expr","locations":[{"start":{"line":37,"column":19},"end":{"line":37,"column":39}},{"start":{"line":37,"column":39},"end":{"line":37,"column":null}}],"line":37},"2":{"loc":{"start":{"line":59,"column":8},"end":{"line":62,"column":null}},"type":"if","locations":[{"start":{"line":59,"column":8},"end":{"line":62,"column":null}},{"start":{},"end":{}}],"line":59},"3":{"loc":{"start":{"line":84,"column":2},"end":{"line":84,"column":null}},"type":"if","locations":[{"start":{"line":84,"column":2},"end":{"line":84,"column":null}},{"start":{},"end":{}}],"line":84},"4":{"loc":{"start":{"line":85,"column":2},"end":{"line":85,"column":null}},"type":"if","locations":[{"start":{"line":85,"column":2},"end":{"line":85,"column":null}},{"start":{},"end":{}}],"line":85},"5":{"loc":{"start":{"line":96,"column":23},"end":{"line":96,"column":null}},"type":"binary-expr","locations":[{"start":{"line":96,"column":23},"end":{"line":96,"column":41}},{"start":{"line":96,"column":41},"end":{"line":96,"column":null}}],"line":96},"6":{"loc":{"start":{"line":100,"column":25},"end":{"line":100,"column":null}},"type":"binary-expr","locations":[{"start":{"line":100,"column":25},"end":{"line":100,"column":43}},{"start":{"line":100,"column":43},"end":{"line":100,"column":null}}],"line":100},"7":{"loc":{"start":{"line":116,"column":4},"end":{"line":118,"column":null}},"type":"if","locations":[{"start":{"line":116,"column":4},"end":{"line":118,"column":null}},{"start":{},"end":{}}],"line":116},"8":{"loc":{"start":{"line":116,"column":8},"end":{"line":116,"column":118}},"type":"binary-expr","locations":[{"start":{"line":116,"column":8},"end":{"line":116,"column":16}},{"start":{"line":116,"column":16},"end":{"line":116,"column":44}},{"start":{"line":116,"column":44},"end":{"line":116,"column":66}},{"start":{"line":116,"column":66},"end":{"line":116,"column":100}},{"start":{"line":116,"column":100},"end":{"line":116,"column":118}}],"line":116}},"s":{"0":10,"1":10,"2":6,"3":4,"4":0,"5":0,"6":0,"7":0,"8":0,"9":0,"10":0,"11":0,"12":0,"13":0,"14":0,"15":0,"16":0,"17":0,"18":0,"19":0,"20":0,"21":0,"22":0,"23":0,"24":0,"25":0,"26":0,"27":0,"28":10,"29":6,"30":4,"31":4,"32":0,"33":0,"34":0,"35":0,"36":0,"37":0,"38":0,"39":0,"40":0,"41":0,"42":0,"43":0,"44":0,"45":0,"46":0,"47":0,"48":0},"f":{"0":10,"1":3,"2":3,"3":0,"4":0,"5":10,"6":0,"7":0,"8":0},"b":{"0":[6,4],"1":[0,0],"2":[0,0],"3":[6,4],"4":[4,0],"5":[0,0],"6":[0,0],"7":[0,0],"8":[0,0,0,0,0]},"meta":{"lastBranch":9,"lastFunction":9,"lastStatement":49,"seen":{"f:9:22:9:Infinity":0,"s:13:27:13:Infinity":0,"b:15:2:20:Infinity:undefined:undefined:undefined:undefined":0,"s:15:2:20:Infinity":1,"s:16:4:19:Infinity":2,"s:22:2:29:Infinity":3,"f:25:10:25:23":1,"f:27:10:27:25":2,"f:32:22:32:Infinity":3,"s:36:27:36:Infinity":4,"s:37:19:37:Infinity":5,"b:37:19:37:39:37:39:37:Infinity":1,"s:39:17:39:Infinity":6,"s:40:68:40:Infinity":7,"s:42:2:42:Infinity":8,"s:43:2:43:Infinity":9,"s:45:19:45:Infinity":10,"s:47:2:80:Infinity":11,"f:48:10:48:20":4,"s:49:12:49:Infinity":12,"s:51:28:51:Infinity":13,"s:52:24:52:Infinity":14,"s:53:12:53:Infinity":15,"s:55:61:55:Infinity":16,"s:57:6:76:Infinity":17,"s:58:24:58:Infinity":18,"b:59:8:62:Infinity:undefined:undefined:undefined:undefined":2,"s:59:8:62:Infinity":19,"s:60:10:60:Infinity":20,"s:61:10:61:Infinity":21,"s:64:41:69:Infinity":22,"s:71:24:71:Infinity":23,"s:72:14:72:Infinity":24,"s:74:25:74:Infinity":25,"s:75:8:75:Infinity":26,"s:78:6:78:Infinity":27,"f:83:9:83:35":5,"b:84:2:84:Infinity:undefined:undefined:undefined:undefined":3,"s:84:2:84:Infinity":28,"s:84:18:84:Infinity":29,"b:85:2:85:Infinity:undefined:undefined:undefined:undefined":4,"s:85:2:85:Infinity":30,"s:85:26:85:Infinity":31,"s:86:2:86:Infinity":32,"f:89:15:89:38":6,"s:90:25:90:Infinity":33,"s:91:61:91:Infinity":34,"s:93:2:105:Infinity":35,"s:94:4:104:Infinity":36,"s:95:21:95:Infinity":37,"s:96:6:96:Infinity":38,"b:96:23:96:41:96:41:96:Infinity":5,"s:98:6:103:Infinity":39,"s:99:23:99:Infinity":40,"s:100:8:100:Infinity":41,"b:100:25:100:43:100:43:100:Infinity":6,"s:102:8:102:Infinity":42,"s:107:2:107:Infinity":43,"f:110:9:110:29":7,"s:111:2:111:Infinity":44,"f:114:9:114:23":8,"s:115:2:119:Infinity":45,"b:116:4:118:Infinity:undefined:undefined:undefined:undefined":7,"s:116:4:118:Infinity":46,"b:116:8:116:16:116:16:116:44:116:44:116:66:116:66:116:100:116:100:116:118":8,"s:117:6:117:Infinity":47,"s:120:2:120:Infinity":48},"fnNames":{}}}
,"/home/lemys/projects/personal/kamansoft/vite-plugin-flatwave-react/packages/vite-plugin-flatwave-react/src/prerender/renderer.ts": {"path":"/home/lemys/projects/personal/kamansoft/vite-plugin-flatwave-react/packages/vite-plugin-flatwave-react/src/prerender/renderer.ts","statementMap":{"0":{"start":{"line":17,"column":14},"end":{"line":17,"column":null}},"1":{"start":{"line":18,"column":2},"end":{"line":20,"column":null}},"2":{"start":{"line":19,"column":4},"end":{"line":19,"column":null}},"3":{"start":{"line":21,"column":2},"end":{"line":21,"column":null}},"4":{"start":{"line":29,"column":24},"end":{"line":29,"column":null}},"5":{"start":{"line":32,"column":2},"end":{"line":36,"column":null}},"6":{"start":{"line":33,"column":4},"end":{"line":33,"column":null}},"7":{"start":{"line":35,"column":4},"end":{"line":35,"column":null}},"8":{"start":{"line":38,"column":36},"end":{"line":59,"column":null}},"9":{"start":{"line":40,"column":20},"end":{"line":40,"column":null}},"10":{"start":{"line":40,"column":45},"end":{"line":40,"column":59}},"11":{"start":{"line":41,"column":6},"end":{"line":43,"column":null}},"12":{"start":{"line":42,"column":8},"end":{"line":42,"column":null}},"13":{"start":{"line":45,"column":22},"end":{"line":45,"column":null}},"14":{"start":{"line":46,"column":6},"end":{"line":48,"column":null}},"15":{"start":{"line":47,"column":8},"end":{"line":47,"column":null}},"16":{"start":{"line":50,"column":31},"end":{"line":55,"column":null}},"17":{"start":{"line":57,"column":6},"end":{"line":57,"column":null}},"18":{"start":{"line":61,"column":2},"end":{"line":61,"column":null}},"19":{"start":{"line":65,"column":2},"end":{"line":65,"column":null}},"20":{"start":{"line":65,"column":36},"end":{"line":65,"column":null}},"21":{"start":{"line":66,"column":2},"end":{"line":66,"column":null}},"22":{"start":{"line":74,"column":24},"end":{"line":74,"column":null}},"23":{"start":{"line":75,"column":2},"end":{"line":75,"column":null}},"24":{"start":{"line":75,"column":22},"end":{"line":75,"column":null}},"25":{"start":{"line":77,"column":2},"end":{"line":79,"column":null}},"26":{"start":{"line":77,"column":71},"end":{"line":77,"column":102}},"27":{"start":{"line":78,"column":4},"end":{"line":78,"column":null}},"28":{"start":{"line":81,"column":2},"end":{"line":87,"column":null}},"29":{"start":{"line":82,"column":4},"end":{"line":85,"column":null}},"30":{"start":{"line":83,"column":22},"end":{"line":83,"column":null}},"31":{"start":{"line":84,"column":6},"end":{"line":84,"column":null}},"32":{"start":{"line":86,"column":4},"end":{"line":86,"column":null}},"33":{"start":{"line":89,"column":2},"end":{"line":89,"column":null}},"34":{"start":{"line":93,"column":16},"end":{"line":93,"column":null}},"35":{"start":{"line":94,"column":2},"end":{"line":94,"column":null}},"36":{"start":{"line":101,"column":2},"end":{"line":101,"column":null}},"37":{"start":{"line":101,"column":25},"end":{"line":101,"column":null}},"38":{"start":{"line":103,"column":2},"end":{"line":103,"column":null}},"39":{"start":{"line":103,"column":34},"end":{"line":103,"column":87}}},"fnMap":{"0":{"name":"loadSsrModule","decl":{"start":{"line":16,"column":15},"end":{"line":16,"column":29}},"loc":{"start":{"line":16,"column":66},"end":{"line":22,"column":null}},"line":16},"1":{"name":"createRenderer","decl":{"start":{"line":24,"column":22},"end":{"line":24,"column":null}},"loc":{"start":{"line":28,"column":21},"end":{"line":62,"column":null}},"line":28},"2":{"name":"render","decl":{"start":{"line":39,"column":10},"end":{"line":39,"column":17}},"loc":{"start":{"line":39,"column":73},"end":{"line":58,"column":null}},"line":39},"3":{"name":"(anonymous_3)","decl":{"start":{"line":40,"column":38},"end":{"line":40,"column":39}},"loc":{"start":{"line":40,"column":45},"end":{"line":40,"column":59}},"line":40},"4":{"name":"getPrerenderOptions","decl":{"start":{"line":64,"column":9},"end":{"line":64,"column":29}},"loc":{"start":{"line":64,"column":100},"end":{"line":67,"column":null}},"line":64},"5":{"name":"shouldPrerenderRoute","decl":{"start":{"line":69,"column":9},"end":{"line":69,"column":null}},"loc":{"start":{"line":73,"column":11},"end":{"line":90,"column":null}},"line":73},"6":{"name":"(anonymous_6)","decl":{"start":{"line":77,"column":58},"end":{"line":77,"column":59}},"loc":{"start":{"line":77,"column":71},"end":{"line":77,"column":102}},"line":77},"7":{"name":"matchRoute","decl":{"start":{"line":92,"column":9},"end":{"line":92,"column":20}},"loc":{"start":{"line":92,"column":60},"end":{"line":95,"column":null}},"line":92},"8":{"name":"filterRoutesForPrerender","decl":{"start":{"line":97,"column":16},"end":{"line":97,"column":null}},"loc":{"start":{"line":100,"column":19},"end":{"line":104,"column":null}},"line":100},"9":{"name":"(anonymous_9)","decl":{"start":{"line":103,"column":23},"end":{"line":103,"column":24}},"loc":{"start":{"line":103,"column":34},"end":{"line":103,"column":87}},"line":103}},"branchMap":{"0":{"loc":{"start":{"line":18,"column":2},"end":{"line":20,"column":null}},"type":"if","locations":[{"start":{"line":18,"column":2},"end":{"line":20,"column":null}},{"start":{},"end":{}}],"line":18},"1":{"loc":{"start":{"line":18,"column":6},"end":{"line":18,"column":55}},"type":"binary-expr","locations":[{"start":{"line":18,"column":6},"end":{"line":18,"column":21}},{"start":{"line":18,"column":21},"end":{"line":18,"column":55}}],"line":18},"2":{"loc":{"start":{"line":35,"column":69},"end":{"line":35,"column":123}},"type":"cond-expr","locations":[{"start":{"line":35,"column":94},"end":{"line":35,"column":110}},{"start":{"line":35,"column":110},"end":{"line":35,"column":123}}],"line":35},"3":{"loc":{"start":{"line":41,"column":6},"end":{"line":43,"column":null}},"type":"if","locations":[{"start":{"line":41,"column":6},"end":{"line":43,"column":null}},{"start":{},"end":{}}],"line":41},"4":{"loc":{"start":{"line":46,"column":6},"end":{"line":48,"column":null}},"type":"if","locations":[{"start":{"line":46,"column":6},"end":{"line":48,"column":null}},{"start":{},"end":{}}],"line":46},"5":{"loc":{"start":{"line":65,"column":2},"end":{"line":65,"column":null}},"type":"if","locations":[{"start":{"line":65,"column":2},"end":{"line":65,"column":null}},{"start":{},"end":{}}],"line":65},"6":{"loc":{"start":{"line":65,"column":6},"end":{"line":65,"column":36}},"type":"binary-expr","locations":[{"start":{"line":65,"column":6},"end":{"line":65,"column":18}},{"start":{"line":65,"column":18},"end":{"line":65,"column":36}}],"line":65},"7":{"loc":{"start":{"line":75,"column":2},"end":{"line":75,"column":null}},"type":"if","locations":[{"start":{"line":75,"column":2},"end":{"line":75,"column":null}},{"start":{},"end":{}}],"line":75},"8":{"loc":{"start":{"line":77,"column":2},"end":{"line":79,"column":null}},"type":"if","locations":[{"start":{"line":77,"column":2},"end":{"line":79,"column":null}},{"start":{},"end":{}}],"line":77},"9":{"loc":{"start":{"line":77,"column":6},"end":{"line":77,"column":105}},"type":"binary-expr","locations":[{"start":{"line":77,"column":6},"end":{"line":77,"column":31}},{"start":{"line":77,"column":31},"end":{"line":77,"column":105}}],"line":77},"10":{"loc":{"start":{"line":81,"column":2},"end":{"line":87,"column":null}},"type":"if","locations":[{"start":{"line":81,"column":2},"end":{"line":87,"column":null}},{"start":{},"end":{}}],"line":81},"11":{"loc":{"start":{"line":82,"column":4},"end":{"line":85,"column":null}},"type":"if","locations":[{"start":{"line":82,"column":4},"end":{"line":85,"column":null}},{"start":{},"end":{}}],"line":82},"12":{"loc":{"start":{"line":101,"column":2},"end":{"line":101,"column":null}},"type":"if","locations":[{"start":{"line":101,"column":2},"end":{"line":101,"column":null}},{"start":{},"end":{}}],"line":101}},"s":{"0":0,"1":0,"2":0,"3":0,"4":0,"5":0,"6":0,"7":0,"8":0,"9":0,"10":0,"11":0,"12":0,"13":0,"14":0,"15":0,"16":0,"17":0,"18":0,"19":20,"20":4,"21":16,"22":20,"23":20,"24":0,"25":20,"26":7,"27":2,"28":18,"29":8,"30":4,"31":4,"32":4,"33":10,"34":7,"35":7,"36":7,"37":2,"38":5,"39":20},"f":{"0":0,"1":0,"2":0,"3":0,"4":20,"5":20,"6":7,"7":7,"8":7,"9":20},"b":{"0":[0,0],"1":[0,0],"2":[0,0],"3":[0,0],"4":[0,0],"5":[4,16],"6":[20,20],"7":[0,20],"8":[2,18],"9":[20,4],"10":[8,10],"11":[4,4],"12":[2,5]},"meta":{"lastBranch":13,"lastFunction":10,"lastStatement":40,"seen":{"f:16:15:16:29":0,"s:17:14:17:Infinity":0,"b:18:2:20:Infinity:undefined:undefined:undefined:undefined":0,"s:18:2:20:Infinity":1,"b:18:6:18:21:18:21:18:55":1,"s:19:4:19:Infinity":2,"s:21:2:21:Infinity":3,"f:24:22:24:Infinity":1,"s:29:24:29:Infinity":4,"s:32:2:36:Infinity":5,"s:33:4:33:Infinity":6,"s:35:4:35:Infinity":7,"b:35:94:35:110:35:110:35:123":2,"s:38:36:59:Infinity":8,"f:39:10:39:17":2,"s:40:20:40:Infinity":9,"f:40:38:40:39":3,"s:40:45:40:59":10,"b:41:6:43:Infinity:undefined:undefined:undefined:undefined":3,"s:41:6:43:Infinity":11,"s:42:8:42:Infinity":12,"s:45:22:45:Infinity":13,"b:46:6:48:Infinity:undefined:undefined:undefined:undefined":4,"s:46:6:48:Infinity":14,"s:47:8:47:Infinity":15,"s:50:31:55:Infinity":16,"s:57:6:57:Infinity":17,"s:61:2:61:Infinity":18,"f:64:9:64:29":4,"b:65:2:65:Infinity:undefined:undefined:undefined:undefined":5,"s:65:2:65:Infinity":19,"b:65:6:65:18:65:18:65:36":6,"s:65:36:65:Infinity":20,"s:66:2:66:Infinity":21,"f:69:9:69:Infinity":5,"s:74:24:74:Infinity":22,"b:75:2:75:Infinity:undefined:undefined:undefined:undefined":7,"s:75:2:75:Infinity":23,"s:75:22:75:Infinity":24,"b:77:2:79:Infinity:undefined:undefined:undefined:undefined":8,"s:77:2:79:Infinity":25,"b:77:6:77:31:77:31:77:105":9,"f:77:58:77:59":6,"s:77:71:77:102":26,"s:78:4:78:Infinity":27,"b:81:2:87:Infinity:undefined:undefined:undefined:undefined":10,"s:81:2:87:Infinity":28,"b:82:4:85:Infinity:undefined:undefined:undefined:undefined":11,"s:82:4:85:Infinity":29,"s:83:22:83:Infinity":30,"s:84:6:84:Infinity":31,"s:86:4:86:Infinity":32,"s:89:2:89:Infinity":33,"f:92:9:92:20":7,"s:93:16:93:Infinity":34,"s:94:2:94:Infinity":35,"f:97:16:97:Infinity":8,"b:101:2:101:Infinity:undefined:undefined:undefined:undefined":12,"s:101:2:101:Infinity":36,"s:101:25:101:Infinity":37,"s:103:2:103:Infinity":38,"f:103:23:103:24":9,"s:103:34:103:87":39},"fnNames":{}}}
,"/home/lemys/projects/personal/kamansoft/vite-plugin-flatwave-react/packages/vite-plugin-flatwave-react/src/prerender/template.ts": {"path":"/home/lemys/projects/personal/kamansoft/vite-plugin-flatwave-react/packages/vite-plugin-flatwave-react/src/prerender/template.ts","statementMap":{"0":{"start":{"line":10,"column":2},"end":{"line":13,"column":null}},"1":{"start":{"line":11,"column":25},"end":{"line":11,"column":null}},"2":{"start":{"line":12,"column":4},"end":{"line":12,"column":null}},"3":{"start":{"line":15,"column":22},"end":{"line":15,"column":null}},"4":{"start":{"line":16,"column":2},"end":{"line":32,"column":null}},"5":{"start":{"line":17,"column":4},"end":{"line":17,"column":null}},"6":{"start":{"line":19,"column":4},"end":{"line":19,"column":null}},"7":{"start":{"line":36,"column":18},"end":{"line":36,"column":null}},"8":{"start":{"line":36,"column":92},"end":{"line":36,"column":100}},"9":{"start":{"line":37,"column":17},"end":{"line":37,"column":null}},"10":{"start":{"line":37,"column":112},"end":{"line":37,"column":120}},"11":{"start":{"line":38,"column":2},"end":{"line":38,"column":null}},"12":{"start":{"line":47,"column":18},"end":{"line":47,"column":null}},"13":{"start":{"line":47,"column":46},"end":{"line":47,"column":104}},"14":{"start":{"line":48,"column":17},"end":{"line":48,"column":null}},"15":{"start":{"line":48,"column":45},"end":{"line":48,"column":85}},"16":{"start":{"line":50,"column":15},"end":{"line":56,"column":null}},"17":{"start":{"line":58,"column":2},"end":{"line":58,"column":null}},"18":{"start":{"line":67,"column":18},"end":{"line":67,"column":null}},"19":{"start":{"line":67,"column":46},"end":{"line":67,"column":104}},"20":{"start":{"line":68,"column":17},"end":{"line":68,"column":null}},"21":{"start":{"line":68,"column":45},"end":{"line":68,"column":85}},"22":{"start":{"line":70,"column":19},"end":{"line":72,"column":null}},"23":{"start":{"line":74,"column":2},"end":{"line":74,"column":null}}},"fnMap":{"0":{"name":"loadTemplate","decl":{"start":{"line":9,"column":22},"end":{"line":9,"column":35}},"loc":{"start":{"line":9,"column":75},"end":{"line":33,"column":null}},"line":9},"1":{"name":"extractAssets","decl":{"start":{"line":35,"column":16},"end":{"line":35,"column":30}},"loc":{"start":{"line":35,"column":60},"end":{"line":39,"column":null}},"line":35},"2":{"name":"(anonymous_2)","decl":{"start":{"line":36,"column":81},"end":{"line":36,"column":82}},"loc":{"start":{"line":36,"column":92},"end":{"line":36,"column":100}},"line":36},"3":{"name":"(anonymous_3)","decl":{"start":{"line":37,"column":101},"end":{"line":37,"column":102}},"loc":{"start":{"line":37,"column":112},"end":{"line":37,"column":120}},"line":37},"4":{"name":"injectIntoTemplate","decl":{"start":{"line":41,"column":16},"end":{"line":41,"column":null}},"loc":{"start":{"line":46,"column":10},"end":{"line":59,"column":null}},"line":46},"5":{"name":"(anonymous_5)","decl":{"start":{"line":47,"column":37},"end":{"line":47,"column":38}},"loc":{"start":{"line":47,"column":46},"end":{"line":47,"column":104}},"line":47},"6":{"name":"(anonymous_6)","decl":{"start":{"line":48,"column":35},"end":{"line":48,"column":36}},"loc":{"start":{"line":48,"column":45},"end":{"line":48,"column":85}},"line":48},"7":{"name":"injectPreRenderedHtml","decl":{"start":{"line":61,"column":16},"end":{"line":61,"column":null}},"loc":{"start":{"line":66,"column":10},"end":{"line":75,"column":null}},"line":66},"8":{"name":"(anonymous_8)","decl":{"start":{"line":67,"column":37},"end":{"line":67,"column":38}},"loc":{"start":{"line":67,"column":46},"end":{"line":67,"column":104}},"line":67},"9":{"name":"(anonymous_9)","decl":{"start":{"line":68,"column":35},"end":{"line":68,"column":36}},"loc":{"start":{"line":68,"column":45},"end":{"line":68,"column":85}},"line":68}},"branchMap":{"0":{"loc":{"start":{"line":10,"column":2},"end":{"line":13,"column":null}},"type":"if","locations":[{"start":{"line":10,"column":2},"end":{"line":13,"column":null}},{"start":{},"end":{}}],"line":10}},"s":{"0":3,"1":1,"2":1,"3":2,"4":2,"5":2,"6":1,"7":2,"8":2,"9":2,"10":2,"11":2,"12":1,"13":1,"14":1,"15":1,"16":1,"17":1,"18":1,"19":1,"20":1,"21":1,"22":1,"23":1},"f":{"0":3,"1":2,"2":2,"3":2,"4":1,"5":1,"6":1,"7":1,"8":1,"9":1},"b":{"0":[1,2]},"meta":{"lastBranch":1,"lastFunction":10,"lastStatement":24,"seen":{"f:9:22:9:35":0,"b:10:2:13:Infinity:undefined:undefined:undefined:undefined":0,"s:10:2:13:Infinity":0,"s:11:25:11:Infinity":1,"s:12:4:12:Infinity":2,"s:15:22:15:Infinity":3,"s:16:2:32:Infinity":4,"s:17:4:17:Infinity":5,"s:19:4:19:Infinity":6,"f:35:16:35:30":1,"s:36:18:36:Infinity":7,"f:36:81:36:82":2,"s:36:92:36:100":8,"s:37:17:37:Infinity":9,"f:37:101:37:102":3,"s:37:112:37:120":10,"s:38:2:38:Infinity":11,"f:41:16:41:Infinity":4,"s:47:18:47:Infinity":12,"f:47:37:47:38":5,"s:47:46:47:104":13,"s:48:17:48:Infinity":14,"f:48:35:48:36":6,"s:48:45:48:85":15,"s:50:15:56:Infinity":16,"s:58:2:58:Infinity":17,"f:61:16:61:Infinity":7,"s:67:18:67:Infinity":18,"f:67:37:67:38":8,"s:67:46:67:104":19,"s:68:17:68:Infinity":20,"f:68:35:68:36":9,"s:68:45:68:85":21,"s:70:19:72:Infinity":22,"s:74:2:74:Infinity":23},"fnNames":{}}}
,"/home/lemys/projects/personal/kamansoft/vite-plugin-flatwave-react/packages/vite-plugin-flatwave-react/src/seo/metadata.ts": {"path":"/home/lemys/projects/personal/kamansoft/vite-plugin-flatwave-react/packages/vite-plugin-flatwave-react/src/seo/metadata.ts","statementMap":{"0":{"start":{"line":4,"column":2},"end":{"line":9,"column":null}},"1":{"start":{"line":13,"column":2},"end":{"line":13,"column":null}},"2":{"start":{"line":17,"column":19},"end":{"line":17,"column":null}},"3":{"start":{"line":18,"column":25},"end":{"line":18,"column":null}},"4":{"start":{"line":20,"column":2},"end":{"line":20,"column":null}},"5":{"start":{"line":20,"column":28},"end":{"line":20,"column":null}},"6":{"start":{"line":21,"column":2},"end":{"line":21,"column":null}},"7":{"start":{"line":21,"column":23},"end":{"line":21,"column":null}},"8":{"start":{"line":22,"column":2},"end":{"line":22,"column":null}},"9":{"start":{"line":22,"column":26},"end":{"line":22,"column":null}},"10":{"start":{"line":23,"column":2},"end":{"line":26,"column":null}},"11":{"start":{"line":24,"column":4},"end":{"line":24,"column":null}},"12":{"start":{"line":25,"column":4},"end":{"line":25,"column":null}},"13":{"start":{"line":28,"column":2},"end":{"line":30,"column":null}},"14":{"start":{"line":29,"column":4},"end":{"line":29,"column":null}},"15":{"start":{"line":32,"column":2},"end":{"line":34,"column":null}},"16":{"start":{"line":33,"column":4},"end":{"line":33,"column":null}},"17":{"start":{"line":36,"column":2},"end":{"line":38,"column":null}},"18":{"start":{"line":37,"column":4},"end":{"line":37,"column":null}},"19":{"start":{"line":40,"column":2},"end":{"line":42,"column":null}},"20":{"start":{"line":41,"column":4},"end":{"line":41,"column":null}},"21":{"start":{"line":44,"column":2},"end":{"line":44,"column":null}},"22":{"start":{"line":48,"column":2},"end":{"line":53,"column":null}},"23":{"start":{"line":57,"column":16},"end":{"line":64,"column":null}},"24":{"start":{"line":66,"column":2},"end":{"line":66,"column":null}}},"fnMap":{"0":{"name":"escapeHtml","decl":{"start":{"line":3,"column":16},"end":{"line":3,"column":27}},"loc":{"start":{"line":3,"column":50},"end":{"line":10,"column":null}},"line":3},"1":{"name":"escapeXml","decl":{"start":{"line":12,"column":16},"end":{"line":12,"column":26}},"loc":{"start":{"line":12,"column":49},"end":{"line":14,"column":null}},"line":12},"2":{"name":"renderHtmlHead","decl":{"start":{"line":16,"column":16},"end":{"line":16,"column":31}},"loc":{"start":{"line":16,"column":61},"end":{"line":45,"column":null}},"line":16},"3":{"name":"escapeJsonScript","decl":{"start":{"line":47,"column":16},"end":{"line":47,"column":33}},"loc":{"start":{"line":47,"column":56},"end":{"line":54,"column":null}},"line":47},"4":{"name":"buildSeoMetadata","decl":{"start":{"line":56,"column":16},"end":{"line":56,"column":33}},"loc":{"start":{"line":56,"column":64},"end":{"line":67,"column":null}},"line":56}},"branchMap":{"0":{"loc":{"start":{"line":20,"column":2},"end":{"line":20,"column":null}},"type":"if","locations":[{"start":{"line":20,"column":2},"end":{"line":20,"column":null}},{"start":{},"end":{}}],"line":20},"1":{"loc":{"start":{"line":21,"column":2},"end":{"line":21,"column":null}},"type":"if","locations":[{"start":{"line":21,"column":2},"end":{"line":21,"column":null}},{"start":{},"end":{}}],"line":21},"2":{"loc":{"start":{"line":22,"column":2},"end":{"line":22,"column":null}},"type":"if","locations":[{"start":{"line":22,"column":2},"end":{"line":22,"column":null}},{"start":{},"end":{}}],"line":22},"3":{"loc":{"start":{"line":23,"column":2},"end":{"line":26,"column":null}},"type":"if","locations":[{"start":{"line":23,"column":2},"end":{"line":26,"column":null}},{"start":{},"end":{}}],"line":23},"4":{"loc":{"start":{"line":32,"column":49},"end":{"line":32,"column":66}},"type":"binary-expr","locations":[{"start":{"line":32,"column":49},"end":{"line":32,"column":64}},{"start":{"line":32,"column":64},"end":{"line":32,"column":66}}],"line":32},"5":{"loc":{"start":{"line":36,"column":45},"end":{"line":36,"column":67}},"type":"binary-expr","locations":[{"start":{"line":36,"column":45},"end":{"line":36,"column":65}},{"start":{"line":36,"column":65},"end":{"line":36,"column":67}}],"line":36},"6":{"loc":{"start":{"line":40,"column":2},"end":{"line":42,"column":null}},"type":"if","locations":[{"start":{"line":40,"column":2},"end":{"line":42,"column":null}},{"start":{},"end":{}}],"line":40},"7":{"loc":{"start":{"line":59,"column":10},"end":{"line":59,"column":null}},"type":"binary-expr","locations":[{"start":{"line":59,"column":10},"end":{"line":59,"column":32}},{"start":{"line":59,"column":32},"end":{"line":59,"column":null}}],"line":59}},"s":{"0":90,"1":24,"2":6,"3":6,"4":6,"5":6,"6":6,"7":6,"8":6,"9":6,"10":6,"11":0,"12":0,"13":6,"14":12,"15":6,"16":0,"17":6,"18":0,"19":6,"20":0,"21":6,"22":0,"23":0,"24":0},"f":{"0":90,"1":24,"2":6,"3":0,"4":0},"b":{"0":[6,0],"1":[6,0],"2":[6,0],"3":[0,6],"4":[6,6],"5":[6,6],"6":[0,6],"7":[0,0]},"meta":{"lastBranch":8,"lastFunction":5,"lastStatement":25,"seen":{"f:3:16:3:27":0,"s:4:2:9:Infinity":0,"f:12:16:12:26":1,"s:13:2:13:Infinity":1,"f:16:16:16:31":2,"s:17:19:17:Infinity":2,"s:18:25:18:Infinity":3,"b:20:2:20:Infinity:undefined:undefined:undefined:undefined":0,"s:20:2:20:Infinity":4,"s:20:28:20:Infinity":5,"b:21:2:21:Infinity:undefined:undefined:undefined:undefined":1,"s:21:2:21:Infinity":6,"s:21:23:21:Infinity":7,"b:22:2:22:Infinity:undefined:undefined:undefined:undefined":2,"s:22:2:22:Infinity":8,"s:22:26:22:Infinity":9,"b:23:2:26:Infinity:undefined:undefined:undefined:undefined":3,"s:23:2:26:Infinity":10,"s:24:4:24:Infinity":11,"s:25:4:25:Infinity":12,"s:28:2:30:Infinity":13,"s:29:4:29:Infinity":14,"s:32:2:34:Infinity":15,"b:32:49:32:64:32:64:32:66":4,"s:33:4:33:Infinity":16,"s:36:2:38:Infinity":17,"b:36:45:36:65:36:65:36:67":5,"s:37:4:37:Infinity":18,"b:40:2:42:Infinity:undefined:undefined:undefined:undefined":6,"s:40:2:42:Infinity":19,"s:41:4:41:Infinity":20,"s:44:2:44:Infinity":21,"f:47:16:47:33":3,"s:48:2:53:Infinity":22,"f:56:16:56:33":4,"s:57:16:64:Infinity":23,"b:59:10:59:32:59:32:59:Infinity":7,"s:66:2:66:Infinity":24},"fnNames":{}}}
}
